Using pre-set license
Built from '2021.3/staging' branch; Version is '2021.3.18f1 (3129e69bc0c7) revision 3221990'; Using compiler version '192829333'; Build Type 'Release'
OS: 'Windows 10  (10.0.19045) 64bit Core' Language: 'zh' Physical Memory: 16236 MB
BatchMode: 1, IsHumanControllingUs: 0, StartBugReporterOnCrash: 0, Is64bit: 1, IsPro: 1

COMMAND LINE ARGUMENTS:
C:\Program Files\Unity\Hub\Editor\2021.3.18f1\Editor\Unity.exe
-adb2
-batchMode
-noUpm
-name
AssetImportWorker0
-projectPath
C:/Users/13741/Documents/MechanicsP5-AbilityV3
-logFile
Logs/AssetImportWorker0.log
-srvPort
58822
Successfully changed project path to: C:/Users/13741/Documents/MechanicsP5-AbilityV3
C:/Users/13741/Documents/MechanicsP5-AbilityV3
[UnityMemory] Configuration Parameters - Can be set up in boot.config
    "memorysetup-bucket-allocator-granularity=16"
    "memorysetup-bucket-allocator-bucket-count=8"
    "memorysetup-bucket-allocator-block-size=33554432"
    "memorysetup-bucket-allocator-block-count=8"
    "memorysetup-main-allocator-block-size=16777216"
    "memorysetup-thread-allocator-block-size=16777216"
    "memorysetup-gfx-main-allocator-block-size=16777216"
    "memorysetup-gfx-thread-allocator-block-size=16777216"
    "memorysetup-cache-allocator-block-size=4194304"
    "memorysetup-typetree-allocator-block-size=2097152"
    "memorysetup-profiler-bucket-allocator-granularity=16"
    "memorysetup-profiler-bucket-allocator-bucket-count=8"
    "memorysetup-profiler-bucket-allocator-block-size=33554432"
    "memorysetup-profiler-bucket-allocator-block-count=8"
    "memorysetup-profiler-allocator-block-size=16777216"
    "memorysetup-profiler-editor-allocator-block-size=1048576"
    "memorysetup-temp-allocator-size-main=16777216"
    "memorysetup-job-temp-allocator-block-size=2097152"
    "memorysetup-job-temp-allocator-block-size-background=1048576"
    "memorysetup-job-temp-allocator-reduction-small-platforms=262144"
    "memorysetup-temp-allocator-size-background-worker=32768"
    "memorysetup-temp-allocator-size-job-worker=262144"
    "memorysetup-temp-allocator-size-preload-manager=33554432"
    "memorysetup-temp-allocator-size-nav-mesh-worker=65536"
    "memorysetup-temp-allocator-size-audio-worker=65536"
    "memorysetup-temp-allocator-size-cloud-worker=32768"
    "memorysetup-temp-allocator-size-gi-baking-worker=262144"
    "memorysetup-temp-allocator-size-gfx=262144"
Player connection [28284] Host "[IP] 10.0.0.178 [Port] 0 [Flags] 2 [Guid] 1511489619 [EditorId] 1511489619 [Version] 1048832 [Id] WindowsEditor(7,LAPTOP-BG0D3BFH) [Debug] 1 [PackageName] WindowsEditor [ProjectName] Editor" joined multi-casting on [225.0.0.222:54997]...

Player connection [28284] Host "[IP] 10.0.0.178 [Port] 0 [Flags] 2 [Guid] 1511489619 [EditorId] 1511489619 [Version] 1048832 [Id] WindowsEditor(7,LAPTOP-BG0D3BFH) [Debug] 1 [PackageName] WindowsEditor [ProjectName] Editor" joined alternative multi-casting on [225.0.0.222:34997]...

Refreshing native plugins compatible for Editor in 87.51 ms, found 4 plugins.
Preloading 0 native plugins for Editor in 0.00 ms.
Initialize engine version: 2021.3.18f1 (3129e69bc0c7)
[Subsystems] Discovering subsystems at path C:/Program Files/Unity/Hub/Editor/2021.3.18f1/Editor/Data/Resources/UnitySubsystems
[Subsystems] Discovering subsystems at path C:/Users/13741/Documents/MechanicsP5-AbilityV3/Assets
GfxDevice: creating device client; threaded=0; jobified=0
Direct3D:
    Version:  Direct3D 11.0 [level 11.1]
    Renderer: NVIDIA GeForce RTX 3070 Laptop GPU (ID=0x24dd)
    Vendor:   NVIDIA
    VRAM:     8033 MB
    Driver:   31.0.15.3742
Initialize mono
Mono path[0] = 'C:/Program Files/Unity/Hub/Editor/2021.3.18f1/Editor/Data/Managed'
Mono path[1] = 'C:/Program Files/Unity/Hub/Editor/2021.3.18f1/Editor/Data/MonoBleedingEdge/lib/mono/unityjit-win32'
Mono config path = 'C:/Program Files/Unity/Hub/Editor/2021.3.18f1/Editor/Data/MonoBleedingEdge/etc'
Using monoOptions --debugger-agent=transport=dt_socket,embedding=1,server=y,suspend=n,address=127.0.0.1:56848
Begin MonoManager ReloadAssembly
Registering precompiled unity dll's ...
Register platform support module: C:/Program Files/Unity/Hub/Editor/2021.3.18f1/Editor/Data/PlaybackEngines/WindowsStandaloneSupport/UnityEditor.WindowsStandalone.Extensions.dll
Registered in 0.007451 seconds.
Native extension for WindowsStandalone target not found
Refreshing native plugins compatible for Editor in 73.56 ms, found 4 plugins.
Preloading 0 native plugins for Editor in 0.00 ms.
Mono: successfully reloaded assembly
- Completed reload, in  0.551 seconds
Domain Reload Profiling:
	ReloadAssembly (551ms)
		BeginReloadAssembly (63ms)
			ExecutionOrderSort (0ms)
			DisableScriptedObjects (0ms)
			BackupInstance (0ms)
			ReleaseScriptingObjects (0ms)
			CreateAndSetChildDomain (1ms)
		EndReloadAssembly (391ms)
			LoadAssemblies (61ms)
			RebuildTransferFunctionScriptingTraits (0ms)
			SetupTypeCache (82ms)
			ReleaseScriptCaches (0ms)
			RebuildScriptCaches (21ms)
			SetupLoadedEditorAssemblies (243ms)
				LogAssemblyErrors (0ms)
				InitializePlatformSupportModulesInManaged (8ms)
				SetLoadedEditorAssemblies (0ms)
				RefreshPlugins (74ms)
				BeforeProcessingInitializeOnLoad (1ms)
				ProcessInitializeOnLoadAttributes (121ms)
				ProcessInitializeOnLoadMethodAttributes (39ms)
				AfterProcessingInitializeOnLoad (0ms)
				EditorAssembliesLoaded (0ms)
			ExecutionOrderSort2 (0ms)
			AwakeInstancesAfterBackupRestoration (0ms)
Platform modules already initialized, skipping
Registering precompiled user dll's ...
Registered in 0.006830 seconds.
Begin MonoManager ReloadAssembly
Symbol file LoadedFromMemory doesn't match image C:\Users\13741\Documents\MechanicsP5-AbilityV3\Library\PackageCache\com.unity.visualscripting@1.8.0\Editor\VisualScripting.Core\Dependencies\YamlDotNet\Unity.VisualScripting.YamlDotNet.dll
Symbol file LoadedFromMemory doesn't match image C:\Users\13741\Documents\MechanicsP5-AbilityV3\Library\PackageCache\com.unity.visualscripting@1.8.0\Editor\VisualScripting.Core\Dependencies\DotNetZip\Unity.VisualScripting.IonicZip.dll
Native extension for WindowsStandalone target not found
Refreshing native plugins compatible for Editor in 76.49 ms, found 4 plugins.
Preloading 0 native plugins for Editor in 0.00 ms.
System.Exception: Error! Visual Scripting: couldn't find visual scripting package
  at Unity.VisualScripting.PackageVersionUtility.get_version () [0x00043] in C:\Users\13741\Documents\MechanicsP5-AbilityV3\Library\PackageCache\com.unity.visualscripting@1.8.0\Editor\VisualScripting.Core\Utilities\PackageVersionUtility.cs:31 
  at Unity.VisualScripting.BoltCoreManifest.get_version () [0x00000] in C:\Users\13741\Documents\MechanicsP5-AbilityV3\Library\PackageCache\com.unity.visualscripting@1.8.0\Editor\VisualScripting.Core\Plugin\BoltCoreManifest.cs:11 
  at Unity.VisualScripting.PluginManifest.get_currentVersion () [0x00000] in C:\Users\13741\Documents\MechanicsP5-AbilityV3\Library\PackageCache\com.unity.visualscripting@1.8.0\Editor\VisualScripting.Core\Plugins\PluginManifest.cs:33 
  at Unity.VisualScripting.PluginManifest.get_versionMismatch () [0x00000] in C:\Users\13741\Documents\MechanicsP5-AbilityV3\Library\PackageCache\com.unity.visualscripting@1.8.0\Editor\VisualScripting.Core\Plugins\PluginManifest.cs:48 
  at Unity.VisualScripting.PluginContainer.Initialize () [0x00525] in C:\Users\13741\Documents\MechanicsP5-AbilityV3\Library\PackageCache\com.unity.visualscripting@1.8.0\Editor\VisualScripting.Core\Plugins\PluginContainer.cs:208 
  at Unity.VisualScripting.PluginContainer.InitializeOnLoad () [0x00009] in C:\Users\13741\Documents\MechanicsP5-AbilityV3\Library\PackageCache\com.unity.visualscripting@1.8.0\Editor\VisualScripting.Core\Plugins\PluginContainer.cs:32 
  at Unity.VisualScripting.VSUsageUtility.DoInitializeOnLoadCalls () [0x00034] in C:\Users\13741\Documents\MechanicsP5-AbilityV3\Library\PackageCache\com.unity.visualscripting@1.8.0\Editor\VisualScripting.Core\Utilities\VSUsageUtility.cs:76 
  at Unity.VisualScripting.VSUsageUtility.set_isVisualScriptingUsed (System.Boolean value) [0x0002c] in C:\Users\13741\Documents\MechanicsP5-AbilityV3\Library\PackageCache\com.unity.visualscripting@1.8.0\Editor\VisualScripting.Core\Utilities\VSUsageUtility.cs:114 
  at Unity.VisualScripting.VSUsageUtility.CheckAndSetIsVisualScriptingUsed () [0x00032] in C:\Users\13741\Documents\MechanicsP5-AbilityV3\Library\PackageCache\com.unity.visualscripting@1.8.0\Editor\VisualScripting.Core\Utilities\VSUsageUtility.cs:48 
  at Unity.VisualScripting.VSUsageUtility..cctor () [0x00000] in C:\Users\13741\Documents\MechanicsP5-AbilityV3\Library\PackageCache\com.unity.visualscripting@1.8.0\Editor\VisualScripting.Core\Utilities\VSUsageUtility.cs:22 
UnityEngine.StackTraceUtility:ExtractStackTrace ()
UnityEngine.DebugLogHandler:LogFormat (UnityEngine.LogType,UnityEngine.Object,string,object[])
UnityEngine.Logger:Log (UnityEngine.LogType,object)
UnityEngine.Debug:LogError (object)
UnityEditor.EditorAssemblies:ProcessInitializeOnLoadAttributes (System.Type[])

Mono: successfully reloaded assembly
- Completed reload, in  1.252 seconds
Domain Reload Profiling:
	ReloadAssembly (1253ms)
		BeginReloadAssembly (109ms)
			ExecutionOrderSort (0ms)
			DisableScriptedObjects (6ms)
			BackupInstance (0ms)
			ReleaseScriptingObjects (0ms)
			CreateAndSetChildDomain (20ms)
		EndReloadAssembly (1039ms)
			LoadAssemblies (83ms)
			RebuildTransferFunctionScriptingTraits (0ms)
			SetupTypeCache (192ms)
			ReleaseScriptCaches (1ms)
			RebuildScriptCaches (44ms)
			SetupLoadedEditorAssemblies (693ms)
				LogAssemblyErrors (0ms)
				InitializePlatformSupportModulesInManaged (4ms)
				SetLoadedEditorAssemblies (0ms)
				RefreshPlugins (77ms)
				BeforeProcessingInitializeOnLoad (85ms)
				ProcessInitializeOnLoadAttributes (488ms)
				ProcessInitializeOnLoadMethodAttributes (31ms)
				AfterProcessingInitializeOnLoad (8ms)
				EditorAssembliesLoaded (0ms)
			ExecutionOrderSort2 (0ms)
			AwakeInstancesAfterBackupRestoration (5ms)
Platform modules already initialized, skipping
========================================================================
Worker process is ready to serve import requests
Launched and connected shader compiler UnityShaderCompiler.exe after 0.04 seconds
Refreshing native plugins compatible for Editor in 0.77 ms, found 4 plugins.
Preloading 0 native plugins for Editor in 0.00 ms.
Unloading 3733 Unused Serialized files (Serialized files now loaded: 0)
Unloading 35 unused Assets / (56.0 KB). Loaded Objects now: 4193.
Memory consumption went from 142.6 MB to 142.6 MB.
Total: 12.801700 ms (FindLiveObjects: 0.299100 ms CreateObjectMapping: 0.151100 ms MarkObjects: 12.265000 ms  DeleteObjects: 0.085500 ms)

AssetImportParameters requested are different than current active one (requested -> active):
  custom:video-decoder-ogg-theora: a1e56fd34408186e4bbccfd4996cb3dc -> 
  custom:container-muxer-webm: aa71ff27fc2769a1b78a27578f13a17b -> 
  custom:container-demuxer-webm: 4f35f7cbe854078d1ac9338744f61a02 -> 
  custom:video-encoder-webm-vp8: eb34c28f22e8b96e1ab97ce403110664 -> 
  custom:video-codec-MediaFoundation-h265: 746d11721c4dcdbdad8f713fa42b33f4 -> 
  custom:audio-encoder-webm-vorbis: bf7c407c2cedff20999df2af8eb42d56 -> 
  custom:framework-win-MediaFoundation: 216162199b28c13a410421893ffa2e32 -> 
  custom:container-demuxer-ogg: 62fdf1f143b41e24485cea50d1cbac27 -> 
  custom:video-decoder-webm-vp8: 9c59270c3fd7afecdb556c50c9e8de78 -> 
  custom:audio-decoder-ogg-vorbis: bf7c407c2cedff20999df2af8eb42d56 -> 
========================================================================
Received Import Request.
  Time since last request: 398459.703820 seconds.
  path: Assets/PlayerHP.asset
  artifactKey: Guid(5fb47b5cf4867af478e4a4b1ebf99a9f) Importer(815301076,1909f56bfc062723c751e8b465ee728b)
Start importing Assets/PlayerHP.asset using Guid(5fb47b5cf4867af478e4a4b1ebf99a9f) Importer(815301076,1909f56bfc062723c751e8b465ee728b)  -> (artifact id: '77ad03b3f12cf6c7bb7d13a9b1032578') in 0.385494 seconds 
========================================================================
Received Import Request.
  Time since last request: 27.575591 seconds.
  path: Assets
  artifactKey: Guid(00000000000000001000000000000000) Importer(815301076,1909f56bfc062723c751e8b465ee728b)
Start importing Assets using Guid(00000000000000001000000000000000) Importer(815301076,1909f56bfc062723c751e8b465ee728b)  -> (artifact id: '79842766b460edbeab6a34051e857a80') in 0.009533 seconds 
========================================================================
Received Import Request.
  Time since last request: 17.127249 seconds.
  path: Assets/Scripts
  artifactKey: Guid(fca7fc5a6f19ba84fad93676a22bc3a0) Importer(815301076,1909f56bfc062723c751e8b465ee728b)
Start importing Assets/Scripts using Guid(fca7fc5a6f19ba84fad93676a22bc3a0) Importer(815301076,1909f56bfc062723c751e8b465ee728b)  -> (artifact id: '3ff93d7f700a235377a46ff504bddb34') in 0.008686 seconds 
========================================================================
Received Import Request.
  Time since last request: 70.484324 seconds.
  path: Assets/PlayerController.asset
  artifactKey: Guid(135cb4107f2c28e41b2b681625ff3dd4) Importer(815301076,1909f56bfc062723c751e8b465ee728b)
Start importing Assets/PlayerController.asset using Guid(135cb4107f2c28e41b2b681625ff3dd4) Importer(815301076,1909f56bfc062723c751e8b465ee728b)  -> (artifact id: 'b7768f254b55c3a91bc840ca048fa294') in 0.065125 seconds 
========================================================================
Received Import Request.
  Time since last request: 41.211383 seconds.
  path: Assets/Scenes
  artifactKey: Guid(131a6b21c8605f84396be9f6751fb6e3) Importer(815301076,1909f56bfc062723c751e8b465ee728b)
Start importing Assets/Scenes using Guid(131a6b21c8605f84396be9f6751fb6e3) Importer(815301076,1909f56bfc062723c751e8b465ee728b)  -> (artifact id: '4935f35005d3ccd51bf39964504ff1b7') in 0.009973 seconds 
========================================================================
Received Import Request.
  Time since last request: 3.532305 seconds.
  path: Assets/Scenes/IntroScene.unity
  artifactKey: Guid(bed75c0da1c386047a32c8b22a2d0d33) Importer(815301076,1909f56bfc062723c751e8b465ee728b)
Start importing Assets/Scenes/IntroScene.unity using Guid(bed75c0da1c386047a32c8b22a2d0d33) Importer(815301076,1909f56bfc062723c751e8b465ee728b)  -> (artifact id: '9074fa4d680e2bfcb7a855276ee0955d') in 0.009789 seconds 
========================================================================
Received Prepare
Registering precompiled user dll's ...
Registered in 0.007589 seconds.
Begin MonoManager ReloadAssembly
Symbol file LoadedFromMemory doesn't match image C:\Users\13741\Documents\MechanicsP5-AbilityV3\Library\PackageCache\com.unity.visualscripting@1.8.0\Editor\VisualScripting.Core\Dependencies\YamlDotNet\Unity.VisualScripting.YamlDotNet.dll
Symbol file LoadedFromMemory doesn't match image C:\Users\13741\Documents\MechanicsP5-AbilityV3\Library\PackageCache\com.unity.visualscripting@1.8.0\Editor\VisualScripting.Core\Dependencies\DotNetZip\Unity.VisualScripting.IonicZip.dll
Native extension for WindowsStandalone target not found
Refreshing native plugins compatible for Editor in 0.76 ms, found 4 plugins.
Preloading 0 native plugins for Editor in 0.00 ms.
System.Exception: Error! Visual Scripting: couldn't find visual scripting package
  at Unity.VisualScripting.PackageVersionUtility.get_version () [0x00043] in C:\Users\13741\Documents\MechanicsP5-AbilityV3\Library\PackageCache\com.unity.visualscripting@1.8.0\Editor\VisualScripting.Core\Utilities\PackageVersionUtility.cs:31 
  at Unity.VisualScripting.BoltCoreManifest.get_version () [0x00000] in C:\Users\13741\Documents\MechanicsP5-AbilityV3\Library\PackageCache\com.unity.visualscripting@1.8.0\Editor\VisualScripting.Core\Plugin\BoltCoreManifest.cs:11 
  at Unity.VisualScripting.PluginManifest.get_currentVersion () [0x00000] in C:\Users\13741\Documents\MechanicsP5-AbilityV3\Library\PackageCache\com.unity.visualscripting@1.8.0\Editor\VisualScripting.Core\Plugins\PluginManifest.cs:33 
  at Unity.VisualScripting.PluginManifest.get_versionMismatch () [0x00000] in C:\Users\13741\Documents\MechanicsP5-AbilityV3\Library\PackageCache\com.unity.visualscripting@1.8.0\Editor\VisualScripting.Core\Plugins\PluginManifest.cs:48 
  at Unity.VisualScripting.PluginContainer.Initialize () [0x00525] in C:\Users\13741\Documents\MechanicsP5-AbilityV3\Library\PackageCache\com.unity.visualscripting@1.8.0\Editor\VisualScripting.Core\Plugins\PluginContainer.cs:208 
  at Unity.VisualScripting.PluginContainer.InitializeOnLoad () [0x00009] in C:\Users\13741\Documents\MechanicsP5-AbilityV3\Library\PackageCache\com.unity.visualscripting@1.8.0\Editor\VisualScripting.Core\Plugins\PluginContainer.cs:32 
  at Unity.VisualScripting.VSUsageUtility.DoInitializeOnLoadCalls () [0x00034] in C:\Users\13741\Documents\MechanicsP5-AbilityV3\Library\PackageCache\com.unity.visualscripting@1.8.0\Editor\VisualScripting.Core\Utilities\VSUsageUtility.cs:76 
  at Unity.VisualScripting.VSUsageUtility.set_isVisualScriptingUsed (System.Boolean value) [0x0002c] in C:\Users\13741\Documents\MechanicsP5-AbilityV3\Library\PackageCache\com.unity.visualscripting@1.8.0\Editor\VisualScripting.Core\Utilities\VSUsageUtility.cs:114 
  at Unity.VisualScripting.VSUsageUtility.CheckAndSetIsVisualScriptingUsed () [0x0000d] in C:\Users\13741\Documents\MechanicsP5-AbilityV3\Library\PackageCache\com.unity.visualscripting@1.8.0\Editor\VisualScripting.Core\Utilities\VSUsageUtility.cs:33 
  at Unity.VisualScripting.VSUsageUtility..cctor () [0x00000] in C:\Users\13741\Documents\MechanicsP5-AbilityV3\Library\PackageCache\com.unity.visualscripting@1.8.0\Editor\VisualScripting.Core\Utilities\VSUsageUtility.cs:22 
UnityEngine.StackTraceUtility:ExtractStackTrace ()
UnityEngine.DebugLogHandler:LogFormat (UnityEngine.LogType,UnityEngine.Object,string,object[])
UnityEngine.Logger:Log (UnityEngine.LogType,object)
UnityEngine.Debug:LogError (object)
UnityEditor.EditorAssemblies:ProcessInitializeOnLoadAttributes (System.Type[])

Mono: successfully reloaded assembly
- Completed reload, in  1.138 seconds
Domain Reload Profiling:
	ReloadAssembly (1139ms)
		BeginReloadAssembly (156ms)
			ExecutionOrderSort (0ms)
			DisableScriptedObjects (6ms)
			BackupInstance (0ms)
			ReleaseScriptingObjects (0ms)
			CreateAndSetChildDomain (62ms)
		EndReloadAssembly (889ms)
			LoadAssemblies (76ms)
			RebuildTransferFunctionScriptingTraits (0ms)
			SetupTypeCache (200ms)
			ReleaseScriptCaches (1ms)
			RebuildScriptCaches (34ms)
			SetupLoadedEditorAssemblies (409ms)
				LogAssemblyErrors (0ms)
				InitializePlatformSupportModulesInManaged (10ms)
				SetLoadedEditorAssemblies (0ms)
				RefreshPlugins (1ms)
				BeforeProcessingInitializeOnLoad (65ms)
				ProcessInitializeOnLoadAttributes (297ms)
				ProcessInitializeOnLoadMethodAttributes (26ms)
				AfterProcessingInitializeOnLoad (9ms)
				EditorAssembliesLoaded (0ms)
			ExecutionOrderSort2 (0ms)
			AwakeInstancesAfterBackupRestoration (7ms)
Platform modules already initialized, skipping
Refreshing native plugins compatible for Editor in 2.70 ms, found 4 plugins.
Preloading 0 native plugins for Editor in 0.00 ms.
Unloading 3769 Unused Serialized files (Serialized files now loaded: 0)
Unloading 35 unused Assets / (0.7 MB). Loaded Objects now: 4232.
Memory consumption went from 144.9 MB to 144.2 MB.
Total: 12.064500 ms (FindLiveObjects: 0.244700 ms CreateObjectMapping: 0.096100 ms MarkObjects: 11.399700 ms  DeleteObjects: 0.323100 ms)

AssetImportParameters requested are different than current active one (requested -> active):
  custom:video-decoder-ogg-theora: a1e56fd34408186e4bbccfd4996cb3dc -> 
  custom:container-muxer-webm: aa71ff27fc2769a1b78a27578f13a17b -> 
  custom:container-demuxer-webm: 4f35f7cbe854078d1ac9338744f61a02 -> 
  custom:video-encoder-webm-vp8: eb34c28f22e8b96e1ab97ce403110664 -> 
  custom:video-codec-MediaFoundation-h265: 746d11721c4dcdbdad8f713fa42b33f4 -> 
  custom:audio-encoder-webm-vorbis: bf7c407c2cedff20999df2af8eb42d56 -> 
  custom:framework-win-MediaFoundation: 216162199b28c13a410421893ffa2e32 -> 
  custom:container-demuxer-ogg: 62fdf1f143b41e24485cea50d1cbac27 -> 
  custom:video-decoder-webm-vp8: 9c59270c3fd7afecdb556c50c9e8de78 -> 
  custom:audio-decoder-ogg-vorbis: bf7c407c2cedff20999df2af8eb42d56 -> 
========================================================================
Received Import Request.
  Time since last request: 23.932971 seconds.
  path: Assets/Scenes/SampleScene.unity
  artifactKey: Guid(2cda990e2423bbf4892e6590ba056729) Importer(815301076,1909f56bfc062723c751e8b465ee728b)
Start importing Assets/Scenes/SampleScene.unity using Guid(2cda990e2423bbf4892e6590ba056729) Importer(815301076,1909f56bfc062723c751e8b465ee728b)  -> (artifact id: '1dddd5efede772ed27e2c12a37cd89c3') in 0.015049 seconds 
========================================================================
Received Import Request.
  Time since last request: 37.377153 seconds.
  path: Assets/Sprites
  artifactKey: Guid(e45af83d6ab1d0c41aaf2b9b018e8121) Importer(815301076,1909f56bfc062723c751e8b465ee728b)
Start importing Assets/Sprites using Guid(e45af83d6ab1d0c41aaf2b9b018e8121) Importer(815301076,1909f56bfc062723c751e8b465ee728b)  -> (artifact id: 'f47c2b97f526300c614fce22dfddf809') in 0.009440 seconds 
========================================================================
Received Import Request.
  Time since last request: 0.057995 seconds.
  path: Assets/Sprites/bullet-1.png
  artifactKey: Guid(820ebf557b7e25a449abf7606fa67704) Importer(815301076,1909f56bfc062723c751e8b465ee728b)
Start importing Assets/Sprites/bullet-1.png using Guid(820ebf557b7e25a449abf7606fa67704) Importer(815301076,1909f56bfc062723c751e8b465ee728b)  -> (artifact id: '036e0b490443467040802c78cc41705c') in 0.071822 seconds 
========================================================================
Received Import Request.
  Time since last request: 5.131704 seconds.
  path: Assets/Sprites/enemy
  artifactKey: Guid(61f2332117a812d4f9418ed128c1d014) Importer(815301076,1909f56bfc062723c751e8b465ee728b)
Start importing Assets/Sprites/enemy using Guid(61f2332117a812d4f9418ed128c1d014) Importer(815301076,1909f56bfc062723c751e8b465ee728b)  -> (artifact id: 'd7ee383315a693b126da064d180f7e12') in 0.009018 seconds 
========================================================================
Received Import Request.
  Time since last request: 1.099162 seconds.
  path: Assets/Sprites/enemy/enemy
  artifactKey: Guid(4102d73686e514c4098e5e0bbb5a4467) Importer(815301076,1909f56bfc062723c751e8b465ee728b)
Start importing Assets/Sprites/enemy/enemy using Guid(4102d73686e514c4098e5e0bbb5a4467) Importer(815301076,1909f56bfc062723c751e8b465ee728b)  -> (artifact id: 'ca34a71e0d3f2117ec11a98fb64ebc29') in 0.002043 seconds 
========================================================================
Received Import Request.
  Time since last request: 0.030813 seconds.
  path: Assets/Sprites/enemy/enemy/enemy-1.png
  artifactKey: Guid(7e63f45a76fa78a42adfda1e56f8f55d) Importer(815301076,1909f56bfc062723c751e8b465ee728b)
Start importing Assets/Sprites/enemy/enemy/enemy-1.png using Guid(7e63f45a76fa78a42adfda1e56f8f55d) Importer(815301076,1909f56bfc062723c751e8b465ee728b)  -> (artifact id: 'd93a48ce9e8a64e39d5256a9b01632e6') in 0.021263 seconds 
========================================================================
Received Import Request.
  Time since last request: 0.000026 seconds.
  path: Assets/Sprites/enemy/enemy/enemy-3.png
  artifactKey: Guid(ba3bef6573ee9b3429ab68ec035e0284) Importer(815301076,1909f56bfc062723c751e8b465ee728b)
Start importing Assets/Sprites/enemy/enemy/enemy-3.png using Guid(ba3bef6573ee9b3429ab68ec035e0284) Importer(815301076,1909f56bfc062723c751e8b465ee728b)  -> (artifact id: '8ec035c1d5d6db415e839c097ecff6ac') in 0.016418 seconds 
========================================================================
Received Import Request.
  Time since last request: 6.332345 seconds.
  path: Assets/Scripts/PlayerController.asset
  artifactKey: Guid(135cb4107f2c28e41b2b681625ff3dd4) Importer(815301076,1909f56bfc062723c751e8b465ee728b)
Start importing Assets/Scripts/PlayerController.asset using Guid(135cb4107f2c28e41b2b681625ff3dd4) Importer(815301076,1909f56bfc062723c751e8b465ee728b)  -> (artifact id: 'df06383d9f8fa5bc01d8b4a71ff1a205') in 0.348480 seconds 
========================================================================
Received Import Request.
  Time since last request: 362.089566 seconds.
  path: Packages/com.unity.2d.spriteshape/Editor/ObjectMenuCreation/DefaultAssets/Sprite Shapes/Open Sprite Shape.prefab
  artifactKey: Guid(86ae7de409eb54f619fb1328e4d42480) Importer(815301076,1909f56bfc062723c751e8b465ee728b)
Start importing Packages/com.unity.2d.spriteshape/Editor/ObjectMenuCreation/DefaultAssets/Sprite Shapes/Open Sprite Shape.prefab using Guid(86ae7de409eb54f619fb1328e4d42480) Importer(815301076,1909f56bfc062723c751e8b465ee728b)  -> (artifact id: '48db77e61d922315407860cd2c130035') in 0.051490 seconds 
========================================================================
Received Import Request.
  Time since last request: 0.000022 seconds.
  path: Assets/TextMesh Pro/Examples & Extras/Prefabs/TextMeshPro - Prefab 2.prefab
  artifactKey: Guid(fdad9d952ae84cafb74c63f2e694d042) Importer(815301076,1909f56bfc062723c751e8b465ee728b)
Start importing Assets/TextMesh Pro/Examples & Extras/Prefabs/TextMeshPro - Prefab 2.prefab using Guid(fdad9d952ae84cafb74c63f2e694d042) Importer(815301076,1909f56bfc062723c751e8b465ee728b)  -> (artifact id: '36b3b267d84dd80431404d8341aa0af1') in 0.050708 seconds 
========================================================================
Received Import Request.
  Time since last request: 0.000040 seconds.
  path: Assets/TextMesh Pro/Examples & Extras/Prefabs/TextMeshPro - Prefab 1.prefab
  artifactKey: Guid(a6e39ced0ea046bcb636c3f0b2e2a745) Importer(815301076,1909f56bfc062723c751e8b465ee728b)
Start importing Assets/TextMesh Pro/Examples & Extras/Prefabs/TextMeshPro - Prefab 1.prefab using Guid(a6e39ced0ea046bcb636c3f0b2e2a745) Importer(815301076,1909f56bfc062723c751e8b465ee728b)  -> (artifact id: 'a9a4dd1a6aa5266c09e155f1ebf3e5a6') in 0.031383 seconds 
========================================================================
Received Import Request.
  Time since last request: 60.090067 seconds.
  path: Assets/Sprites/enemy/enemy/New Prefab.prefab
  artifactKey: Guid(6266ea8ec196922498b57371ed879fae) Importer(815301076,1909f56bfc062723c751e8b465ee728b)
Start importing Assets/Sprites/enemy/enemy/New Prefab.prefab using Guid(6266ea8ec196922498b57371ed879fae) Importer(815301076,1909f56bfc062723c751e8b465ee728b)  -> (artifact id: 'a23a7caa0b6ea2ac563b41164004719b') in 0.014132 seconds 
========================================================================
Received Import Request.
  Time since last request: 38.467107 seconds.
  path: Assets/Scripts/enemyAI.asset
  artifactKey: Guid(f79fcc739f5d30e4488a09f5d1953f40) Importer(815301076,1909f56bfc062723c751e8b465ee728b)
Start importing Assets/Scripts/enemyAI.asset using Guid(f79fcc739f5d30e4488a09f5d1953f40) Importer(815301076,1909f56bfc062723c751e8b465ee728b)  -> (artifact id: '220a876e6fa00a99a4a9b55566f0fef5') in 0.024764 seconds 
========================================================================
Received Import Request.
  Time since last request: 71.109272 seconds.
  path: Assets/Sprites/enemy/enemy/enemy1.prefab
  artifactKey: Guid(a10ecd701e282da45a3e17802000abbb) Importer(815301076,1909f56bfc062723c751e8b465ee728b)
Start importing Assets/Sprites/enemy/enemy/enemy1.prefab using Guid(a10ecd701e282da45a3e17802000abbb) Importer(815301076,1909f56bfc062723c751e8b465ee728b)  -> (artifact id: '73a08822cf17257bc5ee169771e6a767') in 0.012171 seconds 
========================================================================
Received Import Request.
  Time since last request: 25.204263 seconds.
  path: Assets/Sprites/enemy/enemy/enemy1.prefab
  artifactKey: Guid(a10ecd701e282da45a3e17802000abbb) Importer(815301076,1909f56bfc062723c751e8b465ee728b)
Start importing Assets/Sprites/enemy/enemy/enemy1.prefab using Guid(a10ecd701e282da45a3e17802000abbb) Importer(815301076,1909f56bfc062723c751e8b465ee728b)  -> (artifact id: 'ea3cdb1bed40c7bd45fc1b97578fdecc') in 0.016420 seconds 
========================================================================
Received Import Request.
  Time since last request: 5.403685 seconds.
  path: Assets/Sprites/enemy/enemy/enemy1.prefab
  artifactKey: Guid(a10ecd701e282da45a3e17802000abbb) Importer(815301076,1909f56bfc062723c751e8b465ee728b)
Start importing Assets/Sprites/enemy/enemy/enemy1.prefab using Guid(a10ecd701e282da45a3e17802000abbb) Importer(815301076,1909f56bfc062723c751e8b465ee728b)  -> (artifact id: 'c74309af1f16e606c245d53149191e14') in 0.011425 seconds 
========================================================================
Received Import Request.
  Time since last request: 2.806568 seconds.
  path: Assets/Sprites/enemy/enemy/enemy1.prefab
  artifactKey: Guid(a10ecd701e282da45a3e17802000abbb) Importer(815301076,1909f56bfc062723c751e8b465ee728b)
Start importing Assets/Sprites/enemy/enemy/enemy1.prefab using Guid(a10ecd701e282da45a3e17802000abbb) Importer(815301076,1909f56bfc062723c751e8b465ee728b)  -> (artifact id: '81cbc8a80abbb19e5ebb7fe650106640') in 0.006647 seconds 
========================================================================
Received Import Request.
  Time since last request: 5.424089 seconds.
  path: Assets/Sprites/enemy/enemy/enemy1.prefab
  artifactKey: Guid(a10ecd701e282da45a3e17802000abbb) Importer(815301076,1909f56bfc062723c751e8b465ee728b)
Start importing Assets/Sprites/enemy/enemy/enemy1.prefab using Guid(a10ecd701e282da45a3e17802000abbb) Importer(815301076,1909f56bfc062723c751e8b465ee728b)  -> (artifact id: '67458b9bc6d18f7e6604d823f0846455') in 0.006914 seconds 
========================================================================
Received Import Request.
  Time since last request: 2.405269 seconds.
  path: Assets/Sprites/enemy/enemy/enemy1.prefab
  artifactKey: Guid(a10ecd701e282da45a3e17802000abbb) Importer(815301076,1909f56bfc062723c751e8b465ee728b)
Start importing Assets/Sprites/enemy/enemy/enemy1.prefab using Guid(a10ecd701e282da45a3e17802000abbb) Importer(815301076,1909f56bfc062723c751e8b465ee728b)  -> (artifact id: 'c8b8925af8d3af9a34fc92db8a5eaa86') in 0.015156 seconds 
========================================================================
Received Import Request.
  Time since last request: 1.193133 seconds.
  path: Assets/Sprites/enemy/enemy/enemy1.prefab
  artifactKey: Guid(a10ecd701e282da45a3e17802000abbb) Importer(815301076,1909f56bfc062723c751e8b465ee728b)
Start importing Assets/Sprites/enemy/enemy/enemy1.prefab using Guid(a10ecd701e282da45a3e17802000abbb) Importer(815301076,1909f56bfc062723c751e8b465ee728b)  -> (artifact id: 'e7d10b2c2f6611c6e02c80319c666a4c') in 0.031631 seconds 
========================================================================
Received Import Request.
  Time since last request: 0.771780 seconds.
  path: Assets/Sprites/enemy/enemy/enemy1.prefab
  artifactKey: Guid(a10ecd701e282da45a3e17802000abbb) Importer(815301076,1909f56bfc062723c751e8b465ee728b)
Start importing Assets/Sprites/enemy/enemy/enemy1.prefab using Guid(a10ecd701e282da45a3e17802000abbb) Importer(815301076,1909f56bfc062723c751e8b465ee728b)  -> (artifact id: 'd5533963490ddc193e805a451da152e8') in 0.006395 seconds 
========================================================================
Received Import Request.
  Time since last request: 8.856487 seconds.
  path: Assets/Sprites/enemy/enemy/enemy1.prefab
  artifactKey: Guid(a10ecd701e282da45a3e17802000abbb) Importer(815301076,1909f56bfc062723c751e8b465ee728b)
Start importing Assets/Sprites/enemy/enemy/enemy1.prefab using Guid(a10ecd701e282da45a3e17802000abbb) Importer(815301076,1909f56bfc062723c751e8b465ee728b)  -> (artifact id: 'c8e5e28a099f3e1278cd6ae10966a906') in 0.023471 seconds 
========================================================================
Received Import Request.
  Time since last request: 20.808871 seconds.
  path: Assets/Sprites/enemy/enemy/enemy1.prefab
  artifactKey: Guid(a10ecd701e282da45a3e17802000abbb) Importer(815301076,1909f56bfc062723c751e8b465ee728b)
Start importing Assets/Sprites/enemy/enemy/enemy1.prefab using Guid(a10ecd701e282da45a3e17802000abbb) Importer(815301076,1909f56bfc062723c751e8b465ee728b)  -> (artifact id: '60d720eff84291e0cf3e53a70dd2ff41') in 0.019602 seconds 
========================================================================
Received Import Request.
  Time since last request: 11.270832 seconds.
  path: Assets/Sprites/enemy/enemy/enemy1.prefab
  artifactKey: Guid(a10ecd701e282da45a3e17802000abbb) Importer(815301076,1909f56bfc062723c751e8b465ee728b)
Start importing Assets/Sprites/enemy/enemy/enemy1.prefab using Guid(a10ecd701e282da45a3e17802000abbb) Importer(815301076,1909f56bfc062723c751e8b465ee728b)  -> (artifact id: '5cfdf9846792251142695c4e5f9264ba') in 0.019695 seconds 
========================================================================
Received Import Request.
  Time since last request: 2.585083 seconds.
  path: Assets/Sprites/enemy/enemy/enemy1.prefab
  artifactKey: Guid(a10ecd701e282da45a3e17802000abbb) Importer(815301076,1909f56bfc062723c751e8b465ee728b)
Start importing Assets/Sprites/enemy/enemy/enemy1.prefab using Guid(a10ecd701e282da45a3e17802000abbb) Importer(815301076,1909f56bfc062723c751e8b465ee728b)  -> (artifact id: '351daad0f7083da48474834e2446805f') in 0.017930 seconds 
========================================================================
Received Import Request.
  Time since last request: 4.816046 seconds.
  path: Assets/Sprites/enemy/enemy/enemy1.prefab
  artifactKey: Guid(a10ecd701e282da45a3e17802000abbb) Importer(815301076,1909f56bfc062723c751e8b465ee728b)
Start importing Assets/Sprites/enemy/enemy/enemy1.prefab using Guid(a10ecd701e282da45a3e17802000abbb) Importer(815301076,1909f56bfc062723c751e8b465ee728b)  -> (artifact id: 'b5028686c7288295148e608ed49e0969') in 0.020550 seconds 
========================================================================
Received Import Request.
  Time since last request: 10.249868 seconds.
  path: Assets/Sprites/enemy/enemy/enemy1.prefab
  artifactKey: Guid(a10ecd701e282da45a3e17802000abbb) Importer(815301076,1909f56bfc062723c751e8b465ee728b)
Start importing Assets/Sprites/enemy/enemy/enemy1.prefab using Guid(a10ecd701e282da45a3e17802000abbb) Importer(815301076,1909f56bfc062723c751e8b465ee728b)  -> (artifact id: '529c1d174283562f18fed430d85f7c52') in 0.027553 seconds 
========================================================================
Received Import Request.
  Time since last request: 20.349780 seconds.
  path: Assets/Sprites/enemy/enemy/enemy1.prefab
  artifactKey: Guid(a10ecd701e282da45a3e17802000abbb) Importer(815301076,1909f56bfc062723c751e8b465ee728b)
Start importing Assets/Sprites/enemy/enemy/enemy1.prefab using Guid(a10ecd701e282da45a3e17802000abbb) Importer(815301076,1909f56bfc062723c751e8b465ee728b)  -> (artifact id: '3a03d15113d9a727e145479786149f6e') in 0.025736 seconds 
========================================================================
Received Import Request.
  Time since last request: 6.823926 seconds.
  path: Assets/Sprites/enemy/enemy/enemy1.prefab
  artifactKey: Guid(a10ecd701e282da45a3e17802000abbb) Importer(815301076,1909f56bfc062723c751e8b465ee728b)
Start importing Assets/Sprites/enemy/enemy/enemy1.prefab using Guid(a10ecd701e282da45a3e17802000abbb) Importer(815301076,1909f56bfc062723c751e8b465ee728b)  -> (artifact id: 'bf14bbf8369fcb8c18b7d5c6d018ac38') in 0.016714 seconds 
========================================================================
Received Import Request.
  Time since last request: 4.009111 seconds.
  path: Assets/Sprites/enemy/enemy/enemy1.prefab
  artifactKey: Guid(a10ecd701e282da45a3e17802000abbb) Importer(815301076,1909f56bfc062723c751e8b465ee728b)
Start importing Assets/Sprites/enemy/enemy/enemy1.prefab using Guid(a10ecd701e282da45a3e17802000abbb) Importer(815301076,1909f56bfc062723c751e8b465ee728b)  -> (artifact id: '0e1bf8ae4a3cd1a444ff1e11e0eb1925') in 0.021136 seconds 
========================================================================
Received Import Request.
  Time since last request: 12.751795 seconds.
  path: Assets/Sprites/enemy/enemy/enemy1.prefab
  artifactKey: Guid(a10ecd701e282da45a3e17802000abbb) Importer(815301076,1909f56bfc062723c751e8b465ee728b)
Start importing Assets/Sprites/enemy/enemy/enemy1.prefab using Guid(a10ecd701e282da45a3e17802000abbb) Importer(815301076,1909f56bfc062723c751e8b465ee728b)  -> (artifact id: '57c9bf0ab1a52a4ad9a27003fd3a3fbb') in 0.006787 seconds 
========================================================================
Received Import Request.
  Time since last request: 4.830821 seconds.
  path: Assets/Sprites/enemy/enemy/enemy1.prefab
  artifactKey: Guid(a10ecd701e282da45a3e17802000abbb) Importer(815301076,1909f56bfc062723c751e8b465ee728b)
Start importing Assets/Sprites/enemy/enemy/enemy1.prefab using Guid(a10ecd701e282da45a3e17802000abbb) Importer(815301076,1909f56bfc062723c751e8b465ee728b)  -> (artifact id: '598bb25f61511769d1335b563a9284db') in 0.006923 seconds 
========================================================================
Received Import Request.
  Time since last request: 1.798099 seconds.
  path: Assets/Sprites/enemy/enemy/enemy1.prefab
  artifactKey: Guid(a10ecd701e282da45a3e17802000abbb) Importer(815301076,1909f56bfc062723c751e8b465ee728b)
Start importing Assets/Sprites/enemy/enemy/enemy1.prefab using Guid(a10ecd701e282da45a3e17802000abbb) Importer(815301076,1909f56bfc062723c751e8b465ee728b)  -> (artifact id: '8e72180f5e9cae74c877563aae7fa4d9') in 0.011946 seconds 
========================================================================
Received Import Request.
  Time since last request: 42.801879 seconds.
  path: Assets/Sprites/enemy/enemy/enemy1.prefab
  artifactKey: Guid(a10ecd701e282da45a3e17802000abbb) Importer(815301076,1909f56bfc062723c751e8b465ee728b)
Start importing Assets/Sprites/enemy/enemy/enemy1.prefab using Guid(a10ecd701e282da45a3e17802000abbb) Importer(815301076,1909f56bfc062723c751e8b465ee728b)  -> (artifact id: '154403c77481004f72335d163cba7a28') in 0.003605 seconds 
========================================================================
Received Import Request.
  Time since last request: 11.289169 seconds.
  path: Assets/Sprites/enemy/enemy/enemy1.prefab
  artifactKey: Guid(a10ecd701e282da45a3e17802000abbb) Importer(815301076,1909f56bfc062723c751e8b465ee728b)
Start importing Assets/Sprites/enemy/enemy/enemy1.prefab using Guid(a10ecd701e282da45a3e17802000abbb) Importer(815301076,1909f56bfc062723c751e8b465ee728b)  -> (artifact id: 'ce5db90e94e8226f681ea3121ca6399a') in 0.003407 seconds 
========================================================================
Received Import Request.
  Time since last request: 2.321427 seconds.
  path: Assets/Sprites/Health_Bar/Health Bar/1B-0.png
  artifactKey: Guid(d94a0374e5bd2e149a106fe1ba48c3a1) Importer(815301076,1909f56bfc062723c751e8b465ee728b)
Start importing Assets/Sprites/Health_Bar/Health Bar/1B-0.png using Guid(d94a0374e5bd2e149a106fe1ba48c3a1) Importer(815301076,1909f56bfc062723c751e8b465ee728b)  -> (artifact id: 'fc23ab2e9053e306fb041797b6682ea4') in 0.018084 seconds 
========================================================================
Received Import Request.
  Time since last request: 0.000030 seconds.
  path: Assets/Sprites/Health_Bar/Health Bar/4B-0.png
  artifactKey: Guid(a0b8783e423158c4b8d6b9b9b6e0aed5) Importer(815301076,1909f56bfc062723c751e8b465ee728b)
Start importing Assets/Sprites/Health_Bar/Health Bar/4B-0.png using Guid(a0b8783e423158c4b8d6b9b9b6e0aed5) Importer(815301076,1909f56bfc062723c751e8b465ee728b)  -> (artifact id: 'c5f6334c651ae5cb7cc2483e3060ef0c') in 0.023376 seconds 
========================================================================
Received Import Request.
  Time since last request: 0.000016 seconds.
  path: Assets/Sprites/Health_Bar/Health Bar/3B-2.png
  artifactKey: Guid(99f04fb5f2e43354bac3504ac0c9c27f) Importer(815301076,1909f56bfc062723c751e8b465ee728b)
Start importing Assets/Sprites/Health_Bar/Health Bar/3B-2.png using Guid(99f04fb5f2e43354bac3504ac0c9c27f) Importer(815301076,1909f56bfc062723c751e8b465ee728b)  -> (artifact id: '852f1f19e6dbf13c1989a6c50e65a9c1') in 0.070688 seconds 
========================================================================
Received Import Request.
  Time since last request: 0.000032 seconds.
  path: Assets/Sprites/Health_Bar/Health Bar/2B-0.png
  artifactKey: Guid(0d93c9d66b9835043aaebfab3ef09ea7) Importer(815301076,1909f56bfc062723c751e8b465ee728b)
Start importing Assets/Sprites/Health_Bar/Health Bar/2B-0.png using Guid(0d93c9d66b9835043aaebfab3ef09ea7) Importer(815301076,1909f56bfc062723c751e8b465ee728b)  -> (artifact id: 'b1f2948de9ef862f53cac8783bbc2750') in 0.056306 seconds 
========================================================================
Received Import Request.
  Time since last request: 0.000026 seconds.
  path: Assets/Sprites/Health_Bar/Health Bar/2B-2.png
  artifactKey: Guid(4e1fed32549bfdc4aa50e51b372fc31f) Importer(815301076,1909f56bfc062723c751e8b465ee728b)
Start importing Assets/Sprites/Health_Bar/Health Bar/2B-2.png using Guid(4e1fed32549bfdc4aa50e51b372fc31f) Importer(815301076,1909f56bfc062723c751e8b465ee728b)  -> (artifact id: '40e6ce91ec478b84f8e498b16cff88a0') in 0.059933 seconds 
========================================================================
Received Import Request.
  Time since last request: 0.000023 seconds.
  path: Assets/Sprites/Health_Bar/Health Bar/3B-0.png
  artifactKey: Guid(33f795bbfe9e0a943aa6fa175d6c651e) Importer(815301076,1909f56bfc062723c751e8b465ee728b)
Start importing Assets/Sprites/Health_Bar/Health Bar/3B-0.png using Guid(33f795bbfe9e0a943aa6fa175d6c651e) Importer(815301076,1909f56bfc062723c751e8b465ee728b)  -> (artifact id: '8e999d90a28596e46aa64f082f3712fd') in 0.030290 seconds 
========================================================================
Received Import Request.
  Time since last request: 0.680542 seconds.
  path: Assets/Sprites/Health_Bar/Health Bar/4B-1.png
  artifactKey: Guid(84fbf8408d6def443a7877825ffe7757) Importer(815301076,1909f56bfc062723c751e8b465ee728b)
Start importing Assets/Sprites/Health_Bar/Health Bar/4B-1.png using Guid(84fbf8408d6def443a7877825ffe7757) Importer(815301076,1909f56bfc062723c751e8b465ee728b)  -> (artifact id: '414eaf1bf7de926ff7c6ebfda7a73538') in 0.018535 seconds 
========================================================================
Received Import Request.
  Time since last request: 0.018001 seconds.
  path: Assets/Sprites/Health_Bar/Health Bar/4B-3.png
  artifactKey: Guid(066a06875c9c346478a442b4d1e5085a) Importer(815301076,1909f56bfc062723c751e8b465ee728b)
Start importing Assets/Sprites/Health_Bar/Health Bar/4B-3.png using Guid(066a06875c9c346478a442b4d1e5085a) Importer(815301076,1909f56bfc062723c751e8b465ee728b)  -> (artifact id: '40c49468f5be3859b842f5b7c4d5c001') in 0.019512 seconds 
========================================================================
Received Import Request.
  Time since last request: 0.014549 seconds.
  path: Assets/Sprites/Health_Bar/Health Bar/5B-0.png
  artifactKey: Guid(8e5b3246c2a04074a8849c59022c984f) Importer(815301076,1909f56bfc062723c751e8b465ee728b)
Start importing Assets/Sprites/Health_Bar/Health Bar/5B-0.png using Guid(8e5b3246c2a04074a8849c59022c984f) Importer(815301076,1909f56bfc062723c751e8b465ee728b)  -> (artifact id: '0e4756d9c2c1d8f43780d2fe9ca82141') in 0.019632 seconds 
========================================================================
Received Import Request.
  Time since last request: 0.000023 seconds.
  path: Assets/Sprites/Health_Bar/Health Bar/5B-2.png
  artifactKey: Guid(74ee1e8843c4ec042986f1738dc3fa62) Importer(815301076,1909f56bfc062723c751e8b465ee728b)
Start importing Assets/Sprites/Health_Bar/Health Bar/5B-2.png using Guid(74ee1e8843c4ec042986f1738dc3fa62) Importer(815301076,1909f56bfc062723c751e8b465ee728b)  -> (artifact id: 'be66d7b696a39c65ad6773b919040e38') in 0.022232 seconds 
========================================================================
Received Import Request.
  Time since last request: 0.297397 seconds.
  path: Assets/Sprites/Health_Bar/Health Bar/5B-4.png
  artifactKey: Guid(3f31a7da95dd74a4ea3bb4ca8e4326ab) Importer(815301076,1909f56bfc062723c751e8b465ee728b)
Start importing Assets/Sprites/Health_Bar/Health Bar/5B-4.png using Guid(3f31a7da95dd74a4ea3bb4ca8e4326ab) Importer(815301076,1909f56bfc062723c751e8b465ee728b)  -> (artifact id: 'f118d977739a30cafc4cb89378d87775') in 0.019718 seconds 
========================================================================
Received Import Request.
  Time since last request: 0.000044 seconds.
  path: Packages/com.unity.2d.animation/Editor/Assets/SkinningModule/Icons/Light/Bone.png
  artifactKey: Guid(62ce01ddca719d34ea9648c586a7cc94) Importer(815301076,1909f56bfc062723c751e8b465ee728b)
Start importing Packages/com.unity.2d.animation/Editor/Assets/SkinningModule/Icons/Light/Bone.png using Guid(62ce01ddca719d34ea9648c586a7cc94) Importer(815301076,1909f56bfc062723c751e8b465ee728b)  -> (artifact id: 'a0fda3790a34ee3d7db8a6ec65ac3174') in 0.028216 seconds 
========================================================================
Received Import Request.
  Time since last request: 0.000034 seconds.
  path: Packages/com.unity.2d.animation/Editor/Assets/SkinningModule/Icons/Light/Bone@3x.png
  artifactKey: Guid(76beef9fdae7b48468ddf07d0400a374) Importer(815301076,1909f56bfc062723c751e8b465ee728b)
Start importing Packages/com.unity.2d.animation/Editor/Assets/SkinningModule/Icons/Light/Bone@3x.png using Guid(76beef9fdae7b48468ddf07d0400a374) Importer(815301076,1909f56bfc062723c751e8b465ee728b)  -> (artifact id: '375d161a767d671cedc1691e507beeef') in 0.030580 seconds 
========================================================================
Received Import Request.
  Time since last request: 0.000032 seconds.
  path: Packages/com.unity.2d.animation/Editor/Assets/SkinningModule/Icons/Light/Bone@4x.png
  artifactKey: Guid(9125c204f566db048a92ebcb64d9d14a) Importer(815301076,1909f56bfc062723c751e8b465ee728b)
Start importing Packages/com.unity.2d.animation/Editor/Assets/SkinningModule/Icons/Light/Bone@4x.png using Guid(9125c204f566db048a92ebcb64d9d14a) Importer(815301076,1909f56bfc062723c751e8b465ee728b)  -> (artifact id: 'dd051584ed01428b11e9a1d4cf7c1078') in 0.029358 seconds 
========================================================================
Received Import Request.
  Time since last request: 0.598442 seconds.
  path: Packages/com.unity.2d.animation/Editor/Assets/SkinningModule/Icons/Selected/Bone_Influence.png
  artifactKey: Guid(ff00345da0563d641903c5bd5bb748a4) Importer(815301076,1909f56bfc062723c751e8b465ee728b)
Start importing Packages/com.unity.2d.animation/Editor/Assets/SkinningModule/Icons/Selected/Bone_Influence.png using Guid(ff00345da0563d641903c5bd5bb748a4) Importer(815301076,1909f56bfc062723c751e8b465ee728b)  -> (artifact id: '05301bb777e31444b5e09eb9c38276bd') in 0.018371 seconds 
========================================================================
Received Import Request.
  Time since last request: 0.012894 seconds.
  path: Packages/com.unity.2d.animation/Editor/Assets/SkinningModule/Icons/Selected/Bone_Influence@2x.png
  artifactKey: Guid(0779ad3feec52124e97114bcbb12ef13) Importer(815301076,1909f56bfc062723c751e8b465ee728b)
Start importing Packages/com.unity.2d.animation/Editor/Assets/SkinningModule/Icons/Selected/Bone_Influence@2x.png using Guid(0779ad3feec52124e97114bcbb12ef13) Importer(815301076,1909f56bfc062723c751e8b465ee728b)  -> (artifact id: '822d6d9ed9ec3daf6a471b7e9730c716') in 0.020158 seconds 
========================================================================
Received Import Request.
  Time since last request: 0.000019 seconds.
  path: Packages/com.unity.2d.animation/Editor/Assets/SkinningModule/Icons/Selected/Bone_Influence@4x.png
  artifactKey: Guid(daf2ab606d4db0d4f9ecf4c02137d2a8) Importer(815301076,1909f56bfc062723c751e8b465ee728b)
Start importing Packages/com.unity.2d.animation/Editor/Assets/SkinningModule/Icons/Selected/Bone_Influence@4x.png using Guid(daf2ab606d4db0d4f9ecf4c02137d2a8) Importer(815301076,1909f56bfc062723c751e8b465ee728b)  -> (artifact id: '5234971e0ac66808aefe12a3c68f81f8') in 0.021828 seconds 
========================================================================
Received Import Request.
  Time since last request: 0.017548 seconds.
  path: Packages/com.unity.collab-proxy/Editor/PlasticSCM/Assets/Images/buttonssosigninemail.png
  artifactKey: Guid(d24e7e0b75e1a244bb9687d6fd4315ef) Importer(815301076,1909f56bfc062723c751e8b465ee728b)
Start importing Packages/com.unity.collab-proxy/Editor/PlasticSCM/Assets/Images/buttonssosigninemail.png using Guid(d24e7e0b75e1a244bb9687d6fd4315ef) Importer(815301076,1909f56bfc062723c751e8b465ee728b)  -> (artifact id: 'cc14d437759a994ad0d7f9e1aa537230') in 0.022286 seconds 
========================================================================
Received Import Request.
  Time since last request: 0.018134 seconds.
  path: Packages/com.unity.collab-proxy/Editor/PlasticSCM/Assets/Images/buttonssosigningoogle.png
  artifactKey: Guid(f09eae8c0ea04254b90c5386a034a225) Importer(815301076,1909f56bfc062723c751e8b465ee728b)
Start importing Packages/com.unity.collab-proxy/Editor/PlasticSCM/Assets/Images/buttonssosigningoogle.png using Guid(f09eae8c0ea04254b90c5386a034a225) Importer(815301076,1909f56bfc062723c751e8b465ee728b)  -> (artifact id: '0a0a22225221209166d64062091899ac') in 0.019945 seconds 
========================================================================
Received Import Request.
  Time since last request: 0.267277 seconds.
  path: Packages/com.unity.2d.animation/Editor/Assets/SkinningModule/Icons/Selected/character_Mode.png
  artifactKey: Guid(e60718119cec31e4190849292fcde068) Importer(815301076,1909f56bfc062723c751e8b465ee728b)
Start importing Packages/com.unity.2d.animation/Editor/Assets/SkinningModule/Icons/Selected/character_Mode.png using Guid(e60718119cec31e4190849292fcde068) Importer(815301076,1909f56bfc062723c751e8b465ee728b)  -> (artifact id: '4a8bee7bbb298a09f337afd067c34cc3') in 0.024899 seconds 
========================================================================
Received Import Request.
  Time since last request: 0.000032 seconds.
  path: Packages/com.unity.2d.animation/Editor/Assets/SkinningModule/Icons/Light/character_Mode.png
  artifactKey: Guid(d4d64a6cd9624c34a815dd79fb2a20a4) Importer(815301076,1909f56bfc062723c751e8b465ee728b)
Start importing Packages/com.unity.2d.animation/Editor/Assets/SkinningModule/Icons/Light/character_Mode.png using Guid(d4d64a6cd9624c34a815dd79fb2a20a4) Importer(815301076,1909f56bfc062723c751e8b465ee728b)  -> (artifact id: 'd7e11b276dee502a140753523b35c98a') in 0.022706 seconds 
========================================================================
Received Import Request.
  Time since last request: 0.000023 seconds.
  path: Packages/com.unity.2d.animation/Editor/Assets/SkinningModule/Icons/Light/character_Mode@2x.png
  artifactKey: Guid(25096ce515c063c48a2bd6b108c95912) Importer(815301076,1909f56bfc062723c751e8b465ee728b)
Start importing Packages/com.unity.2d.animation/Editor/Assets/SkinningModule/Icons/Light/character_Mode@2x.png using Guid(25096ce515c063c48a2bd6b108c95912) Importer(815301076,1909f56bfc062723c751e8b465ee728b)  -> (artifact id: 'bf3cf827cbae54f9b832c10fe2351037') in 0.025756 seconds 
========================================================================
Received Import Request.
  Time since last request: 0.000030 seconds.
  path: Packages/com.unity.2d.animation/Editor/Assets/SkinningModule/Icons/Selected/character_Mode@4x.png
  artifactKey: Guid(0ccc508108fa6ed4fa11b4a467d7f609) Importer(815301076,1909f56bfc062723c751e8b465ee728b)
Start importing Packages/com.unity.2d.animation/Editor/Assets/SkinningModule/Icons/Selected/character_Mode@4x.png using Guid(0ccc508108fa6ed4fa11b4a467d7f609) Importer(815301076,1909f56bfc062723c751e8b465ee728b)  -> (artifact id: '615e0e8046b2bda6c75d215ac76a7f6b') in 0.024054 seconds 
========================================================================
Received Import Request.
  Time since last request: 0.000048 seconds.
  path: Packages/com.unity.2d.animation/Editor/Assets/SkinningModule/Icons/Selected/Copy.png
  artifactKey: Guid(678095381d851334fb550c5032ba1a81) Importer(815301076,1909f56bfc062723c751e8b465ee728b)
Start importing Packages/com.unity.2d.animation/Editor/Assets/SkinningModule/Icons/Selected/Copy.png using Guid(678095381d851334fb550c5032ba1a81) Importer(815301076,1909f56bfc062723c751e8b465ee728b)  -> (artifact id: '9f65ec613abe44984aa518e60ff4f9c7') in 0.024144 seconds 
========================================================================
Received Import Request.
  Time since last request: 0.000060 seconds.
  path: Packages/com.unity.2d.animation/Editor/Assets/SkinningModule/Icons/Light/Copy@4x.png
  artifactKey: Guid(5430b5412bcac5b4986be0a875a5e978) Importer(815301076,1909f56bfc062723c751e8b465ee728b)
Start importing Packages/com.unity.2d.animation/Editor/Assets/SkinningModule/Icons/Light/Copy@4x.png using Guid(5430b5412bcac5b4986be0a875a5e978) Importer(815301076,1909f56bfc062723c751e8b465ee728b)  -> (artifact id: '8e7d318004e0d369d9787540c07b8b80') in 0.025290 seconds 
========================================================================
Received Import Request.
  Time since last request: 0.000031 seconds.
  path: Packages/com.unity.2d.animation/Editor/Assets/SkinningModule/Icons/Selected/Copy@4x.png
  artifactKey: Guid(b6a96c7c65795c94abf54a62adbf5c38) Importer(815301076,1909f56bfc062723c751e8b465ee728b)
Start importing Packages/com.unity.2d.animation/Editor/Assets/SkinningModule/Icons/Selected/Copy@4x.png using Guid(b6a96c7c65795c94abf54a62adbf5c38) Importer(815301076,1909f56bfc062723c751e8b465ee728b)  -> (artifact id: '57c354f71e71bb8e3e764248f2cdfe6a') in 0.023644 seconds 
========================================================================
Received Import Request.
  Time since last request: 0.000041 seconds.
  path: Packages/com.unity.2d.animation/Editor/Assets/SkinningModule/Icons/Selected/Create Bones.png
  artifactKey: Guid(7b86a539750e1a44ca7ec5b7f690babd) Importer(815301076,1909f56bfc062723c751e8b465ee728b)
Start importing Packages/com.unity.2d.animation/Editor/Assets/SkinningModule/Icons/Selected/Create Bones.png using Guid(7b86a539750e1a44ca7ec5b7f690babd) Importer(815301076,1909f56bfc062723c751e8b465ee728b)  -> (artifact id: '3094aefa731ba79ced34ae93143ee2b3') in 0.019553 seconds 
========================================================================
Received Import Request.
  Time since last request: 0.000025 seconds.
  path: Packages/com.unity.2d.animation/Editor/Assets/SkinningModule/Icons/Light/character_Mode@4x.png
  artifactKey: Guid(748ae8b33df036b46a86e0387f1602cf) Importer(815301076,1909f56bfc062723c751e8b465ee728b)
Start importing Packages/com.unity.2d.animation/Editor/Assets/SkinningModule/Icons/Light/character_Mode@4x.png using Guid(748ae8b33df036b46a86e0387f1602cf) Importer(815301076,1909f56bfc062723c751e8b465ee728b)  -> (artifact id: '52def5ffbe6fb05a71c935e4ef5d0676') in 0.021008 seconds 
========================================================================
Received Import Request.
  Time since last request: 0.000034 seconds.
  path: Packages/com.unity.2d.animation/Editor/Assets/SkinningModule/Icons/Light/Copy@2x.png
  artifactKey: Guid(2e0cf451cb3d56742aad87ea75993209) Importer(815301076,1909f56bfc062723c751e8b465ee728b)
Start importing Packages/com.unity.2d.animation/Editor/Assets/SkinningModule/Icons/Light/Copy@2x.png using Guid(2e0cf451cb3d56742aad87ea75993209) Importer(815301076,1909f56bfc062723c751e8b465ee728b)  -> (artifact id: '3bff73f10c088d78e62606d894ce6171') in 0.039810 seconds 
========================================================================
Received Import Request.
  Time since last request: 0.000023 seconds.
  path: Packages/com.unity.2d.animation/Editor/Assets/SkinningModule/Icons/Selected/Create Bones@2x.png
  artifactKey: Guid(5b7f664b515582d458717c354f6be292) Importer(815301076,1909f56bfc062723c751e8b465ee728b)
Start importing Packages/com.unity.2d.animation/Editor/Assets/SkinningModule/Icons/Selected/Create Bones@2x.png using Guid(5b7f664b515582d458717c354f6be292) Importer(815301076,1909f56bfc062723c751e8b465ee728b)  -> (artifact id: '8876e6226bdf49685a1cd94d6652119d') in 0.046777 seconds 
========================================================================
Received Import Request.
  Time since last request: 0.033031 seconds.
  path: Packages/com.unity.2d.animation/Editor/Assets/SkinningModule/Icons/Selected/Create Bones@3x.png
  artifactKey: Guid(7835bec40f86c2c4fb3f91a6eb3b7034) Importer(815301076,1909f56bfc062723c751e8b465ee728b)
Start importing Packages/com.unity.2d.animation/Editor/Assets/SkinningModule/Icons/Selected/Create Bones@3x.png using Guid(7835bec40f86c2c4fb3f91a6eb3b7034) Importer(815301076,1909f56bfc062723c751e8b465ee728b)  -> (artifact id: 'b49fac7036ec5f79b9e03b78ac64b4de') in 0.019591 seconds 
========================================================================
Received Import Request.
  Time since last request: 0.087796 seconds.
  path: Packages/com.unity.2d.animation/Editor/Assets/SkinningModule/Icons/Selected/Create Bones@4x.png
  artifactKey: Guid(61ac40b257b3a994f841856ad38b2b6b) Importer(815301076,1909f56bfc062723c751e8b465ee728b)
Start importing Packages/com.unity.2d.animation/Editor/Assets/SkinningModule/Icons/Selected/Create Bones@4x.png using Guid(61ac40b257b3a994f841856ad38b2b6b) Importer(815301076,1909f56bfc062723c751e8b465ee728b)  -> (artifact id: '6d3277791bc4858ca3886a07e9fe64db') in 0.019231 seconds 
========================================================================
Received Import Request.
  Time since last request: 0.020883 seconds.
  path: Packages/com.unity.2d.animation/Editor/Assets/SkinningModule/Icons/Selected/Create_Edge.png
  artifactKey: Guid(ad7b296d426713b4593ee1a19fcbf9d1) Importer(815301076,1909f56bfc062723c751e8b465ee728b)
Start importing Packages/com.unity.2d.animation/Editor/Assets/SkinningModule/Icons/Selected/Create_Edge.png using Guid(ad7b296d426713b4593ee1a19fcbf9d1) Importer(815301076,1909f56bfc062723c751e8b465ee728b)  -> (artifact id: 'a032a8e2ebf713c682e03210e52db335') in 0.019615 seconds 
========================================================================
Received Import Request.
  Time since last request: 0.080583 seconds.
  path: Packages/com.unity.2d.animation/Editor/Assets/SkinningModule/Icons/Light/Create_Edge@2x.png
  artifactKey: Guid(3b4e88f5705085042a95960cdcef2561) Importer(815301076,1909f56bfc062723c751e8b465ee728b)
Start importing Packages/com.unity.2d.animation/Editor/Assets/SkinningModule/Icons/Light/Create_Edge@2x.png using Guid(3b4e88f5705085042a95960cdcef2561) Importer(815301076,1909f56bfc062723c751e8b465ee728b)  -> (artifact id: '69300e6ea9ef7b8504cc2d4eece74eee') in 0.016131 seconds 
========================================================================
Received Import Request.
  Time since last request: 0.226171 seconds.
  path: Packages/com.unity.2d.animation/Editor/Assets/SkinningModule/Icons/Light/Create_Edge@3x.png
  artifactKey: Guid(0da63bf69e254aa4a83c345c3de497c8) Importer(815301076,1909f56bfc062723c751e8b465ee728b)
Start importing Packages/com.unity.2d.animation/Editor/Assets/SkinningModule/Icons/Light/Create_Edge@3x.png using Guid(0da63bf69e254aa4a83c345c3de497c8) Importer(815301076,1909f56bfc062723c751e8b465ee728b)  -> (artifact id: 'be65976663e03e19da23d5ca085d8a46') in 0.018422 seconds 
========================================================================
Received Import Request.
  Time since last request: 0.007031 seconds.
  path: Packages/com.unity.2d.animation/Editor/Assets/SkinningModule/Icons/Selected/Create_Edge@4x.png
  artifactKey: Guid(3458c119c69e9bc4f9647599c2901dee) Importer(815301076,1909f56bfc062723c751e8b465ee728b)
Start importing Packages/com.unity.2d.animation/Editor/Assets/SkinningModule/Icons/Selected/Create_Edge@4x.png using Guid(3458c119c69e9bc4f9647599c2901dee) Importer(815301076,1909f56bfc062723c751e8b465ee728b)  -> (artifact id: '596f5ce33746711a2eb967d6c6350c54') in 0.023461 seconds 
========================================================================
Received Import Request.
  Time since last request: 0.000033 seconds.
  path: Packages/com.unity.2d.animation/Editor/Assets/SkinningModule/Icons/Selected/Create_Vertex.png
  artifactKey: Guid(e7ddb9213511d984f8b951a7c913d83a) Importer(815301076,1909f56bfc062723c751e8b465ee728b)
Start importing Packages/com.unity.2d.animation/Editor/Assets/SkinningModule/Icons/Selected/Create_Vertex.png using Guid(e7ddb9213511d984f8b951a7c913d83a) Importer(815301076,1909f56bfc062723c751e8b465ee728b)  -> (artifact id: '9d5322570f3c37952db682904a4b7b6c') in 0.024024 seconds 
========================================================================
Received Import Request.
  Time since last request: 0.000032 seconds.
  path: Packages/com.unity.2d.animation/Editor/Assets/SkinningModule/Icons/Selected/Create_Vertex@3x.png
  artifactKey: Guid(47fe565904dc6b1419e9acc62b99812e) Importer(815301076,1909f56bfc062723c751e8b465ee728b)
Start importing Packages/com.unity.2d.animation/Editor/Assets/SkinningModule/Icons/Selected/Create_Vertex@3x.png using Guid(47fe565904dc6b1419e9acc62b99812e) Importer(815301076,1909f56bfc062723c751e8b465ee728b)  -> (artifact id: '097e36b8349d145d71ce7707bb51d710') in 0.026873 seconds 
========================================================================
Received Import Request.
  Time since last request: 0.000036 seconds.
  path: Packages/com.unity.2d.animation/Editor/Assets/SkinningModule/Icons/Selected/Create_Vertex@4x.png
  artifactKey: Guid(6a7ac9e8c26b12440bf2b1da2ca97794) Importer(815301076,1909f56bfc062723c751e8b465ee728b)
Start importing Packages/com.unity.2d.animation/Editor/Assets/SkinningModule/Icons/Selected/Create_Vertex@4x.png using Guid(6a7ac9e8c26b12440bf2b1da2ca97794) Importer(815301076,1909f56bfc062723c751e8b465ee728b)  -> (artifact id: '2509c1023229e4bf972236df0db751fd') in 0.044829 seconds 
========================================================================
Received Import Request.
  Time since last request: 0.000029 seconds.
  path: Packages/com.unity.2d.animation/Editor/Assets/SkinningModule/Icons/Dark/d_Bone.png
  artifactKey: Guid(fc2eaf4b0441b7645960252182c27446) Importer(815301076,1909f56bfc062723c751e8b465ee728b)
Start importing Packages/com.unity.2d.animation/Editor/Assets/SkinningModule/Icons/Dark/d_Bone.png using Guid(fc2eaf4b0441b7645960252182c27446) Importer(815301076,1909f56bfc062723c751e8b465ee728b)  -> (artifact id: 'd336ab0477ce5b6d0db88f50b3a57526') in 0.019119 seconds 
========================================================================
Received Import Request.
  Time since last request: 0.000031 seconds.
  path: Packages/com.unity.2d.animation/Editor/Assets/SkinningModule/Icons/Light/Create_Vertex@3x.png
  artifactKey: Guid(66fa19194577350438c952106f661c2f) Importer(815301076,1909f56bfc062723c751e8b465ee728b)
Start importing Packages/com.unity.2d.animation/Editor/Assets/SkinningModule/Icons/Light/Create_Vertex@3x.png using Guid(66fa19194577350438c952106f661c2f) Importer(815301076,1909f56bfc062723c751e8b465ee728b)  -> (artifact id: 'f78d00fd843fc27ddceaa0cf15f81eed') in 0.022281 seconds 
========================================================================
Received Import Request.
  Time since last request: 0.000027 seconds.
  path: Packages/com.unity.collab-proxy/Editor/PlasticSCM/Assets/Images/d_buttonssosigninemail.png
  artifactKey: Guid(3086d66a563317b40a20a20da2c64ac0) Importer(815301076,1909f56bfc062723c751e8b465ee728b)
Start importing Packages/com.unity.collab-proxy/Editor/PlasticSCM/Assets/Images/d_buttonssosigninemail.png using Guid(3086d66a563317b40a20a20da2c64ac0) Importer(815301076,1909f56bfc062723c751e8b465ee728b)  -> (artifact id: '55364019948f0c6927d2d1b88b61e96c') in 0.022237 seconds 
========================================================================
Received Import Request.
  Time since last request: 0.000046 seconds.
  path: Packages/com.unity.collab-proxy/Editor/PlasticSCM/Assets/Images/d_buttonssosigninemail@2x.png
  artifactKey: Guid(144aa74618b85974a9a50f612c2fa8fd) Importer(815301076,1909f56bfc062723c751e8b465ee728b)
Start importing Packages/com.unity.collab-proxy/Editor/PlasticSCM/Assets/Images/d_buttonssosigninemail@2x.png using Guid(144aa74618b85974a9a50f612c2fa8fd) Importer(815301076,1909f56bfc062723c751e8b465ee728b)  -> (artifact id: 'f035ab95d20c8d9f1455b6310f89f38d') in 0.022106 seconds 
========================================================================
Received Import Request.
  Time since last request: 0.000030 seconds.
  path: Packages/com.unity.2d.animation/Editor/Assets/SkinningModule/Icons/Dark/d_character_Mode@2x.png
  artifactKey: Guid(d4a1388a0d4ee9c44bcaa86e463a7b39) Importer(815301076,1909f56bfc062723c751e8b465ee728b)
Start importing Packages/com.unity.2d.animation/Editor/Assets/SkinningModule/Icons/Dark/d_character_Mode@2x.png using Guid(d4a1388a0d4ee9c44bcaa86e463a7b39) Importer(815301076,1909f56bfc062723c751e8b465ee728b)  -> (artifact id: '980d453109fb74415051b70498582d76') in 0.026138 seconds 
========================================================================
Received Import Request.
  Time since last request: 0.000039 seconds.
  path: Packages/com.unity.2d.animation/Editor/Assets/SkinningModule/Icons/Dark/d_Bone_Influence@4x.png
  artifactKey: Guid(1e0f2b45945c8254abd59f40d783c11f) Importer(815301076,1909f56bfc062723c751e8b465ee728b)
Start importing Packages/com.unity.2d.animation/Editor/Assets/SkinningModule/Icons/Dark/d_Bone_Influence@4x.png using Guid(1e0f2b45945c8254abd59f40d783c11f) Importer(815301076,1909f56bfc062723c751e8b465ee728b)  -> (artifact id: '17cc96c45346bdc2214ed3e76e48e40d') in 0.024568 seconds 
========================================================================
Received Import Request.
  Time since last request: 0.000035 seconds.
  path: Packages/com.unity.collab-proxy/Editor/PlasticSCM/Assets/Images/d_cloudbuhoshechristmas.png
  artifactKey: Guid(9c0d6ec706e01ce448aea81584af092b) Importer(815301076,1909f56bfc062723c751e8b465ee728b)
Start importing Packages/com.unity.collab-proxy/Editor/PlasticSCM/Assets/Images/d_cloudbuhoshechristmas.png using Guid(9c0d6ec706e01ce448aea81584af092b) Importer(815301076,1909f56bfc062723c751e8b465ee728b)  -> (artifact id: 'a08c3496e4a7c4228639aa9a71862ac0') in 0.034526 seconds 
========================================================================
Received Import Request.
  Time since last request: 0.000037 seconds.
  path: Packages/com.unity.collab-proxy/Editor/PlasticSCM/Assets/Images/d_colorbuhoshe.png
  artifactKey: Guid(a04ecc9d5e12d5d449077414eb86635e) Importer(815301076,1909f56bfc062723c751e8b465ee728b)
Start importing Packages/com.unity.collab-proxy/Editor/PlasticSCM/Assets/Images/d_colorbuhoshe.png using Guid(a04ecc9d5e12d5d449077414eb86635e) Importer(815301076,1909f56bfc062723c751e8b465ee728b)  -> (artifact id: '7a72603d9cb288ff13d19e1980f28492') in 0.030788 seconds 
========================================================================
Received Import Request.
  Time since last request: 0.000020 seconds.
  path: Packages/com.unity.2d.animation/Editor/Assets/SkinningModule/Icons/Dark/d_Copy.png
  artifactKey: Guid(69fdfe6d8e206134a83223383472ff48) Importer(815301076,1909f56bfc062723c751e8b465ee728b)
Start importing Packages/com.unity.2d.animation/Editor/Assets/SkinningModule/Icons/Dark/d_Copy.png using Guid(69fdfe6d8e206134a83223383472ff48) Importer(815301076,1909f56bfc062723c751e8b465ee728b)  -> (artifact id: '814682fac9ed172d178535cfc0d46e88') in 0.021148 seconds 
========================================================================
Received Import Request.
  Time since last request: 0.000033 seconds.
  path: Packages/com.unity.2d.animation/Editor/Assets/SkinningModule/Icons/Dark/d_character_Mode@4x.png
  artifactKey: Guid(395f6b9556f14704790df6035be6ee3a) Importer(815301076,1909f56bfc062723c751e8b465ee728b)
Start importing Packages/com.unity.2d.animation/Editor/Assets/SkinningModule/Icons/Dark/d_character_Mode@4x.png using Guid(395f6b9556f14704790df6035be6ee3a) Importer(815301076,1909f56bfc062723c751e8b465ee728b)  -> (artifact id: '0e9ec924ef2519642a8f55cf2c024a79') in 0.023072 seconds 
========================================================================
Received Import Request.
  Time since last request: 0.000031 seconds.
  path: Packages/com.unity.2d.animation/Editor/Assets/SkinningModule/Icons/Dark/d_Bone@2x.png
  artifactKey: Guid(17d971605cfbaea47b0d10b0b5dbc406) Importer(815301076,1909f56bfc062723c751e8b465ee728b)
Start importing Packages/com.unity.2d.animation/Editor/Assets/SkinningModule/Icons/Dark/d_Bone@2x.png using Guid(17d971605cfbaea47b0d10b0b5dbc406) Importer(815301076,1909f56bfc062723c751e8b465ee728b)  -> (artifact id: 'c16ad743fc5e12ba8960a16db87c68c1') in 0.021358 seconds 
========================================================================
Received Import Request.
  Time since last request: 0.000041 seconds.
  path: Packages/com.unity.2d.animation/Editor/Assets/SkinningModule/Icons/Dark/d_character_Mode@3x.png
  artifactKey: Guid(c22340e383b54c44196cb7765328e79d) Importer(815301076,1909f56bfc062723c751e8b465ee728b)
Start importing Packages/com.unity.2d.animation/Editor/Assets/SkinningModule/Icons/Dark/d_character_Mode@3x.png using Guid(c22340e383b54c44196cb7765328e79d) Importer(815301076,1909f56bfc062723c751e8b465ee728b)  -> (artifact id: '139ceaf16ff41c331b8a49222e42f073') in 0.022070 seconds 
========================================================================
Received Import Request.
  Time since last request: 0.000036 seconds.
  path: Packages/com.unity.2d.animation/Editor/Assets/SkinningModule/Icons/Selected/d_Bone@3x.png
  artifactKey: Guid(443d05f2a4ae81a4297ac8ec762644c3) Importer(815301076,1909f56bfc062723c751e8b465ee728b)
Start importing Packages/com.unity.2d.animation/Editor/Assets/SkinningModule/Icons/Selected/d_Bone@3x.png using Guid(443d05f2a4ae81a4297ac8ec762644c3) Importer(815301076,1909f56bfc062723c751e8b465ee728b)  -> (artifact id: '089645e9a3abc8122bf97c09c2a2fcac') in 0.022939 seconds 
========================================================================
Received Import Request.
  Time since last request: 0.000024 seconds.
  path: Packages/com.unity.collab-proxy/Editor/PlasticSCM/Assets/Images/d_cloudbuhoshe.png
  artifactKey: Guid(dae33700bd23f76409a80bf78fdb8a42) Importer(815301076,1909f56bfc062723c751e8b465ee728b)
Start importing Packages/com.unity.collab-proxy/Editor/PlasticSCM/Assets/Images/d_cloudbuhoshe.png using Guid(dae33700bd23f76409a80bf78fdb8a42) Importer(815301076,1909f56bfc062723c751e8b465ee728b)  -> (artifact id: 'ae3878e016d9342a572603a734c252ea') in 0.025969 seconds 
========================================================================
Received Import Request.
  Time since last request: 2.086896 seconds.
  path: Packages/com.unity.2d.animation/Editor/Assets/SkinningModule/Icons/Selected/Sprite_Influence@2x.png
  artifactKey: Guid(80f77a76467b24d1a856328afa989eb3) Importer(815301076,1909f56bfc062723c751e8b465ee728b)
Start importing Packages/com.unity.2d.animation/Editor/Assets/SkinningModule/Icons/Selected/Sprite_Influence@2x.png using Guid(80f77a76467b24d1a856328afa989eb3) Importer(815301076,1909f56bfc062723c751e8b465ee728b)  -> (artifact id: 'cc7695cc4708471355817b070b62dd94') in 0.039656 seconds 
========================================================================
Received Import Request.
  Time since last request: 0.000018 seconds.
  path: Packages/com.unity.2d.animation/Editor/Assets/SkinningModule/Icons/Light/Sprite_Influence@3x.png
  artifactKey: Guid(563e4d2d28c2241fbbb33e85f9b27efb) Importer(815301076,1909f56bfc062723c751e8b465ee728b)
Start importing Packages/com.unity.2d.animation/Editor/Assets/SkinningModule/Icons/Light/Sprite_Influence@3x.png using Guid(563e4d2d28c2241fbbb33e85f9b27efb) Importer(815301076,1909f56bfc062723c751e8b465ee728b)  -> (artifact id: '296cda95bd4c0756e60ab38d86343db5') in 0.029834 seconds 
========================================================================
Received Import Request.
  Time since last request: 0.000016 seconds.
  path: Packages/com.unity.2d.animation/Editor/Assets/SkinningModule/Icons/Selected/Sprite_Influence@4x.png
  artifactKey: Guid(e959cb82696cd4dbf9e6b448af425c88) Importer(815301076,1909f56bfc062723c751e8b465ee728b)
Start importing Packages/com.unity.2d.animation/Editor/Assets/SkinningModule/Icons/Selected/Sprite_Influence@4x.png using Guid(e959cb82696cd4dbf9e6b448af425c88) Importer(815301076,1909f56bfc062723c751e8b465ee728b)  -> (artifact id: '8456757765def9351482b47f7b8f0686') in 0.030555 seconds 
========================================================================
Received Import Request.
  Time since last request: 2.303056 seconds.
  path: Packages/com.unity.2d.animation/Editor/Assets/SkinningModule/Icons/Light/Generate_Weights@2x.png
  artifactKey: Guid(ef3672bed7321e34da872e8c2e205209) Importer(815301076,1909f56bfc062723c751e8b465ee728b)
Start importing Packages/com.unity.2d.animation/Editor/Assets/SkinningModule/Icons/Light/Generate_Weights@2x.png using Guid(ef3672bed7321e34da872e8c2e205209) Importer(815301076,1909f56bfc062723c751e8b465ee728b)  -> (artifact id: '60b5108edaa462fb729fa23706582e24') in 0.021888 seconds 
========================================================================
Received Import Request.
  Time since last request: 0.000027 seconds.
  path: Packages/com.unity.2d.animation/Editor/Assets/SkinningModule/Icons/Light/Generate_Weights@4x.png
  artifactKey: Guid(a56b84f780e8aef439e9a83d60ca7420) Importer(815301076,1909f56bfc062723c751e8b465ee728b)
Start importing Packages/com.unity.2d.animation/Editor/Assets/SkinningModule/Icons/Light/Generate_Weights@4x.png using Guid(a56b84f780e8aef439e9a83d60ca7420) Importer(815301076,1909f56bfc062723c751e8b465ee728b)  -> (artifact id: 'c0ccc3a98a5750542b280b5bdbe1b6e0') in 0.033655 seconds 
========================================================================
Received Import Request.
  Time since last request: 0.000019 seconds.
  path: Packages/com.unity.2d.animation/Editor/Assets/SkinningModule/Icons/Selected/Generate_Weights@4x.png
  artifactKey: Guid(ea292d445b1c4cb48897511cd9453f1c) Importer(815301076,1909f56bfc062723c751e8b465ee728b)
Start importing Packages/com.unity.2d.animation/Editor/Assets/SkinningModule/Icons/Selected/Generate_Weights@4x.png using Guid(ea292d445b1c4cb48897511cd9453f1c) Importer(815301076,1909f56bfc062723c751e8b465ee728b)  -> (artifact id: 'fe9688464b83cd179dadd78eb02d47c7') in 0.064569 seconds 
Editor requested this worker to shutdown with reason: Scaling down because of idle timeout
AssetImportWorker is now disconnected from the server
Process exiting
Exiting without the bug reporter. Application will terminate with return code 0