Using pre-set license
Built from '2021.3/staging' branch; Version is '2021.3.18f1 (3129e69bc0c7) revision 3221990'; Using compiler version '192829333'; Build Type 'Release'
OS: 'Windows 10  (10.0.19045) 64bit Core' Language: 'zh' Physical Memory: 16236 MB
BatchMode: 1, IsHumanControllingUs: 0, StartBugReporterOnCrash: 0, Is64bit: 1, IsPro: 1

COMMAND LINE ARGUMENTS:
C:\Program Files\Unity\Hub\Editor\2021.3.18f1\Editor\Unity.exe
-adb2
-batchMode
-noUpm
-name
AssetImportWorker2
-projectPath
C:/Users/13741/Documents/MechanicsP5-AbilityV3
-logFile
Logs/AssetImportWorker2.log
-srvPort
60954
Successfully changed project path to: C:/Users/13741/Documents/MechanicsP5-AbilityV3
C:/Users/13741/Documents/MechanicsP5-AbilityV3
[UnityMemory] Configuration Parameters - Can be set up in boot.config
    "memorysetup-bucket-allocator-granularity=16"
    "memorysetup-bucket-allocator-bucket-count=8"
    "memorysetup-bucket-allocator-block-size=33554432"
    "memorysetup-bucket-allocator-block-count=8"
    "memorysetup-main-allocator-block-size=16777216"
    "memorysetup-thread-allocator-block-size=16777216"
    "memorysetup-gfx-main-allocator-block-size=16777216"
    "memorysetup-gfx-thread-allocator-block-size=16777216"
    "memorysetup-cache-allocator-block-size=4194304"
    "memorysetup-typetree-allocator-block-size=2097152"
    "memorysetup-profiler-bucket-allocator-granularity=16"
    "memorysetup-profiler-bucket-allocator-bucket-count=8"
    "memorysetup-profiler-bucket-allocator-block-size=33554432"
    "memorysetup-profiler-bucket-allocator-block-count=8"
    "memorysetup-profiler-allocator-block-size=16777216"
    "memorysetup-profiler-editor-allocator-block-size=1048576"
    "memorysetup-temp-allocator-size-main=16777216"
    "memorysetup-job-temp-allocator-block-size=2097152"
    "memorysetup-job-temp-allocator-block-size-background=1048576"
    "memorysetup-job-temp-allocator-reduction-small-platforms=262144"
    "memorysetup-temp-allocator-size-background-worker=32768"
    "memorysetup-temp-allocator-size-job-worker=262144"
    "memorysetup-temp-allocator-size-preload-manager=33554432"
    "memorysetup-temp-allocator-size-nav-mesh-worker=65536"
    "memorysetup-temp-allocator-size-audio-worker=65536"
    "memorysetup-temp-allocator-size-cloud-worker=32768"
    "memorysetup-temp-allocator-size-gi-baking-worker=262144"
    "memorysetup-temp-allocator-size-gfx=262144"
Player connection [8040] Host "[IP] 10.0.0.178 [Port] 0 [Flags] 2 [Guid] 310851496 [EditorId] 310851496 [Version] 1048832 [Id] WindowsEditor(7,LAPTOP-BG0D3BFH) [Debug] 1 [PackageName] WindowsEditor [ProjectName] Editor" joined multi-casting on [225.0.0.222:54997]...

Player connection [8040] Host "[IP] 10.0.0.178 [Port] 0 [Flags] 2 [Guid] 310851496 [EditorId] 310851496 [Version] 1048832 [Id] WindowsEditor(7,LAPTOP-BG0D3BFH) [Debug] 1 [PackageName] WindowsEditor [ProjectName] Editor" joined alternative multi-casting on [225.0.0.222:34997]...

Refreshing native plugins compatible for Editor in 81.54 ms, found 4 plugins.
Preloading 0 native plugins for Editor in 0.00 ms.
Initialize engine version: 2021.3.18f1 (3129e69bc0c7)
[Subsystems] Discovering subsystems at path C:/Program Files/Unity/Hub/Editor/2021.3.18f1/Editor/Data/Resources/UnitySubsystems
[Subsystems] Discovering subsystems at path C:/Users/13741/Documents/MechanicsP5-AbilityV3/Assets
GfxDevice: creating device client; threaded=0; jobified=0
Direct3D:
    Version:  Direct3D 11.0 [level 11.1]
    Renderer: NVIDIA GeForce RTX 3070 Laptop GPU (ID=0x24dd)
    Vendor:   NVIDIA
    VRAM:     8033 MB
    Driver:   31.0.15.3742
Initialize mono
Mono path[0] = 'C:/Program Files/Unity/Hub/Editor/2021.3.18f1/Editor/Data/Managed'
Mono path[1] = 'C:/Program Files/Unity/Hub/Editor/2021.3.18f1/Editor/Data/MonoBleedingEdge/lib/mono/unityjit-win32'
Mono config path = 'C:/Program Files/Unity/Hub/Editor/2021.3.18f1/Editor/Data/MonoBleedingEdge/etc'
Using monoOptions --debugger-agent=transport=dt_socket,embedding=1,server=y,suspend=n,address=127.0.0.1:56824
Begin MonoManager ReloadAssembly
Registering precompiled unity dll's ...
Register platform support module: C:/Program Files/Unity/Hub/Editor/2021.3.18f1/Editor/Data/PlaybackEngines/WindowsStandaloneSupport/UnityEditor.WindowsStandalone.Extensions.dll
Registered in 0.006983 seconds.
Native extension for WindowsStandalone target not found
Refreshing native plugins compatible for Editor in 74.41 ms, found 4 plugins.
Preloading 0 native plugins for Editor in 0.00 ms.
Mono: successfully reloaded assembly
- Completed reload, in  0.537 seconds
Domain Reload Profiling:
	ReloadAssembly (537ms)
		BeginReloadAssembly (65ms)
			ExecutionOrderSort (0ms)
			DisableScriptedObjects (0ms)
			BackupInstance (0ms)
			ReleaseScriptingObjects (0ms)
			CreateAndSetChildDomain (1ms)
		EndReloadAssembly (378ms)
			LoadAssemblies (63ms)
			RebuildTransferFunctionScriptingTraits (0ms)
			SetupTypeCache (77ms)
			ReleaseScriptCaches (0ms)
			RebuildScriptCaches (20ms)
			SetupLoadedEditorAssemblies (237ms)
				LogAssemblyErrors (0ms)
				InitializePlatformSupportModulesInManaged (7ms)
				SetLoadedEditorAssemblies (0ms)
				RefreshPlugins (74ms)
				BeforeProcessingInitializeOnLoad (1ms)
				ProcessInitializeOnLoadAttributes (117ms)
				ProcessInitializeOnLoadMethodAttributes (38ms)
				AfterProcessingInitializeOnLoad (0ms)
				EditorAssembliesLoaded (0ms)
			ExecutionOrderSort2 (0ms)
			AwakeInstancesAfterBackupRestoration (0ms)
Platform modules already initialized, skipping
Registering precompiled user dll's ...
Registered in 0.006730 seconds.
Begin MonoManager ReloadAssembly
Symbol file LoadedFromMemory doesn't match image C:\Users\13741\Documents\MechanicsP5-AbilityV3\Library\PackageCache\com.unity.visualscripting@1.8.0\Editor\VisualScripting.Core\Dependencies\YamlDotNet\Unity.VisualScripting.YamlDotNet.dll
Symbol file LoadedFromMemory doesn't match image C:\Users\13741\Documents\MechanicsP5-AbilityV3\Library\PackageCache\com.unity.visualscripting@1.8.0\Editor\VisualScripting.Core\Dependencies\DotNetZip\Unity.VisualScripting.IonicZip.dll
Native extension for WindowsStandalone target not found
Refreshing native plugins compatible for Editor in 72.41 ms, found 4 plugins.
Preloading 0 native plugins for Editor in 0.00 ms.
System.Exception: Error! Visual Scripting: couldn't find visual scripting package
  at Unity.VisualScripting.PackageVersionUtility.get_version () [0x00043] in C:\Users\13741\Documents\MechanicsP5-AbilityV3\Library\PackageCache\com.unity.visualscripting@1.8.0\Editor\VisualScripting.Core\Utilities\PackageVersionUtility.cs:31 
  at Unity.VisualScripting.BoltCoreManifest.get_version () [0x00000] in C:\Users\13741\Documents\MechanicsP5-AbilityV3\Library\PackageCache\com.unity.visualscripting@1.8.0\Editor\VisualScripting.Core\Plugin\BoltCoreManifest.cs:11 
  at Unity.VisualScripting.PluginManifest.get_currentVersion () [0x00000] in C:\Users\13741\Documents\MechanicsP5-AbilityV3\Library\PackageCache\com.unity.visualscripting@1.8.0\Editor\VisualScripting.Core\Plugins\PluginManifest.cs:33 
  at Unity.VisualScripting.PluginManifest.get_versionMismatch () [0x00000] in C:\Users\13741\Documents\MechanicsP5-AbilityV3\Library\PackageCache\com.unity.visualscripting@1.8.0\Editor\VisualScripting.Core\Plugins\PluginManifest.cs:48 
  at Unity.VisualScripting.PluginContainer.Initialize () [0x00525] in C:\Users\13741\Documents\MechanicsP5-AbilityV3\Library\PackageCache\com.unity.visualscripting@1.8.0\Editor\VisualScripting.Core\Plugins\PluginContainer.cs:208 
  at Unity.VisualScripting.PluginContainer.InitializeOnLoad () [0x00009] in C:\Users\13741\Documents\MechanicsP5-AbilityV3\Library\PackageCache\com.unity.visualscripting@1.8.0\Editor\VisualScripting.Core\Plugins\PluginContainer.cs:32 
  at Unity.VisualScripting.VSUsageUtility.DoInitializeOnLoadCalls () [0x00034] in C:\Users\13741\Documents\MechanicsP5-AbilityV3\Library\PackageCache\com.unity.visualscripting@1.8.0\Editor\VisualScripting.Core\Utilities\VSUsageUtility.cs:76 
  at Unity.VisualScripting.VSUsageUtility.set_isVisualScriptingUsed (System.Boolean value) [0x0002c] in C:\Users\13741\Documents\MechanicsP5-AbilityV3\Library\PackageCache\com.unity.visualscripting@1.8.0\Editor\VisualScripting.Core\Utilities\VSUsageUtility.cs:114 
  at Unity.VisualScripting.VSUsageUtility.CheckAndSetIsVisualScriptingUsed () [0x00032] in C:\Users\13741\Documents\MechanicsP5-AbilityV3\Library\PackageCache\com.unity.visualscripting@1.8.0\Editor\VisualScripting.Core\Utilities\VSUsageUtility.cs:48 
  at Unity.VisualScripting.VSUsageUtility..cctor () [0x00000] in C:\Users\13741\Documents\MechanicsP5-AbilityV3\Library\PackageCache\com.unity.visualscripting@1.8.0\Editor\VisualScripting.Core\Utilities\VSUsageUtility.cs:22 
UnityEngine.StackTraceUtility:ExtractStackTrace ()
UnityEngine.DebugLogHandler:LogFormat (UnityEngine.LogType,UnityEngine.Object,string,object[])
UnityEngine.Logger:Log (UnityEngine.LogType,object)
UnityEngine.Debug:LogError (object)
UnityEditor.EditorAssemblies:ProcessInitializeOnLoadAttributes (System.Type[])

Mono: successfully reloaded assembly
- Completed reload, in  1.160 seconds
Domain Reload Profiling:
	ReloadAssembly (1161ms)
		BeginReloadAssembly (98ms)
			ExecutionOrderSort (0ms)
			DisableScriptedObjects (5ms)
			BackupInstance (0ms)
			ReleaseScriptingObjects (0ms)
			CreateAndSetChildDomain (18ms)
		EndReloadAssembly (966ms)
			LoadAssemblies (74ms)
			RebuildTransferFunctionScriptingTraits (0ms)
			SetupTypeCache (173ms)
			ReleaseScriptCaches (1ms)
			RebuildScriptCaches (40ms)
			SetupLoadedEditorAssemblies (644ms)
				LogAssemblyErrors (0ms)
				InitializePlatformSupportModulesInManaged (5ms)
				SetLoadedEditorAssemblies (0ms)
				RefreshPlugins (72ms)
				BeforeProcessingInitializeOnLoad (86ms)
				ProcessInitializeOnLoadAttributes (445ms)
				ProcessInitializeOnLoadMethodAttributes (28ms)
				AfterProcessingInitializeOnLoad (8ms)
				EditorAssembliesLoaded (0ms)
			ExecutionOrderSort2 (0ms)
			AwakeInstancesAfterBackupRestoration (5ms)
Platform modules already initialized, skipping
========================================================================
Worker process is ready to serve import requests
Launched and connected shader compiler UnityShaderCompiler.exe after 0.05 seconds
Refreshing native plugins compatible for Editor in 0.68 ms, found 4 plugins.
Preloading 0 native plugins for Editor in 0.00 ms.
Unloading 3780 Unused Serialized files (Serialized files now loaded: 0)
Unloading 35 unused Assets / (56.1 KB). Loaded Objects now: 4240.
Memory consumption went from 146.0 MB to 145.9 MB.
Total: 11.652500 ms (FindLiveObjects: 0.242200 ms CreateObjectMapping: 0.137100 ms MarkObjects: 11.193700 ms  DeleteObjects: 0.079000 ms)

AssetImportParameters requested are different than current active one (requested -> active):
  custom:video-decoder-ogg-theora: a1e56fd34408186e4bbccfd4996cb3dc -> 
  custom:container-muxer-webm: aa71ff27fc2769a1b78a27578f13a17b -> 
  custom:container-demuxer-webm: 4f35f7cbe854078d1ac9338744f61a02 -> 
  custom:video-encoder-webm-vp8: eb34c28f22e8b96e1ab97ce403110664 -> 
  custom:video-codec-MediaFoundation-h265: 746d11721c4dcdbdad8f713fa42b33f4 -> 
  custom:audio-encoder-webm-vorbis: bf7c407c2cedff20999df2af8eb42d56 -> 
  custom:framework-win-MediaFoundation: 216162199b28c13a410421893ffa2e32 -> 
  custom:container-demuxer-ogg: 62fdf1f143b41e24485cea50d1cbac27 -> 
  custom:video-decoder-webm-vp8: 9c59270c3fd7afecdb556c50c9e8de78 -> 
  custom:audio-decoder-ogg-vorbis: bf7c407c2cedff20999df2af8eb42d56 -> 
========================================================================
Received Import Request.
  Time since last request: 406165.030083 seconds.
  path: Assets/Prefabs/enemy1.prefab
  artifactKey: Guid(a10ecd701e282da45a3e17802000abbb) Importer(815301076,1909f56bfc062723c751e8b465ee728b)
Start importing Assets/Prefabs/enemy1.prefab using Guid(a10ecd701e282da45a3e17802000abbb) Importer(815301076,1909f56bfc062723c751e8b465ee728b)  -> (artifact id: '06118b390a40d99233546c2ef4fcf8ac') in 0.465799 seconds 
========================================================================
Received Import Request.
  Time since last request: 2.953931 seconds.
  path: Assets/Prefabs/enemy1.prefab
  artifactKey: Guid(a10ecd701e282da45a3e17802000abbb) Importer(815301076,1909f56bfc062723c751e8b465ee728b)
Start importing Assets/Prefabs/enemy1.prefab using Guid(a10ecd701e282da45a3e17802000abbb) Importer(815301076,1909f56bfc062723c751e8b465ee728b)  -> (artifact id: 'aaa84a251cffbe63b54d558361b53fb3') in 0.022375 seconds 
========================================================================
Received Import Request.
  Time since last request: 0.863015 seconds.
  path: Assets/Prefabs/enemy1.prefab
  artifactKey: Guid(a10ecd701e282da45a3e17802000abbb) Importer(815301076,1909f56bfc062723c751e8b465ee728b)
Start importing Assets/Prefabs/enemy1.prefab using Guid(a10ecd701e282da45a3e17802000abbb) Importer(815301076,1909f56bfc062723c751e8b465ee728b)  -> (artifact id: '7a42cd3782526cceeb76c140ab9ba56e') in 0.031080 seconds 
========================================================================
Received Import Request.
  Time since last request: 9.350281 seconds.
  path: Assets/Prefabs/enemy2.prefab
  artifactKey: Guid(bc50e07da2864c24eb2bef2f0edcf10d) Importer(815301076,1909f56bfc062723c751e8b465ee728b)
Start importing Assets/Prefabs/enemy2.prefab using Guid(bc50e07da2864c24eb2bef2f0edcf10d) Importer(815301076,1909f56bfc062723c751e8b465ee728b)  -> (artifact id: 'd86b10b4478d000168b87e64692ec036') in 0.016735 seconds 
========================================================================
Received Import Request.
  Time since last request: 2.401175 seconds.
  path: Assets/Prefabs/enemy2.prefab
  artifactKey: Guid(bc50e07da2864c24eb2bef2f0edcf10d) Importer(815301076,1909f56bfc062723c751e8b465ee728b)
Start importing Assets/Prefabs/enemy2.prefab using Guid(bc50e07da2864c24eb2bef2f0edcf10d) Importer(815301076,1909f56bfc062723c751e8b465ee728b)  -> (artifact id: '9901670cfd30483da03d9291ece92fb8') in 0.012484 seconds 
========================================================================
Received Import Request.
  Time since last request: 1.230975 seconds.
  path: Assets/Prefabs/enemy2.prefab
  artifactKey: Guid(bc50e07da2864c24eb2bef2f0edcf10d) Importer(815301076,1909f56bfc062723c751e8b465ee728b)
Start importing Assets/Prefabs/enemy2.prefab using Guid(bc50e07da2864c24eb2bef2f0edcf10d) Importer(815301076,1909f56bfc062723c751e8b465ee728b)  -> (artifact id: 'af12edf56786d1654b5451ffd0dce2ea') in 0.012202 seconds 
========================================================================
Received Import Request.
  Time since last request: 9.515401 seconds.
  path: Assets/Prefabs/enemy3.prefab
  artifactKey: Guid(0811f830ec547124dbb6b1816c855265) Importer(815301076,1909f56bfc062723c751e8b465ee728b)
Start importing Assets/Prefabs/enemy3.prefab using Guid(0811f830ec547124dbb6b1816c855265) Importer(815301076,1909f56bfc062723c751e8b465ee728b)  -> (artifact id: '11e53111d38328cf2853841c35d62cbe') in 0.018290 seconds 
========================================================================
Received Import Request.
  Time since last request: 4.224323 seconds.
  path: Assets/Prefabs/enemy3.prefab
  artifactKey: Guid(0811f830ec547124dbb6b1816c855265) Importer(815301076,1909f56bfc062723c751e8b465ee728b)
Start importing Assets/Prefabs/enemy3.prefab using Guid(0811f830ec547124dbb6b1816c855265) Importer(815301076,1909f56bfc062723c751e8b465ee728b)  -> (artifact id: 'd844f094d55beda1a29c07e6d47e721b') in 0.013246 seconds 
========================================================================
Received Import Request.
  Time since last request: 1.644581 seconds.
  path: Assets/Prefabs/enemy3.prefab
  artifactKey: Guid(0811f830ec547124dbb6b1816c855265) Importer(815301076,1909f56bfc062723c751e8b465ee728b)
Start importing Assets/Prefabs/enemy3.prefab using Guid(0811f830ec547124dbb6b1816c855265) Importer(815301076,1909f56bfc062723c751e8b465ee728b)  -> (artifact id: '41e2e5a6d63574b2f72854b0700321f3') in 0.012548 seconds 
========================================================================
Received Import Request.
  Time since last request: 4.534457 seconds.
  path: Assets/Prefabs/enemy4.prefab
  artifactKey: Guid(9aae3c0c6d8ebb843b4190ca49a0ad47) Importer(815301076,1909f56bfc062723c751e8b465ee728b)
Start importing Assets/Prefabs/enemy4.prefab using Guid(9aae3c0c6d8ebb843b4190ca49a0ad47) Importer(815301076,1909f56bfc062723c751e8b465ee728b)  -> (artifact id: '12140759b71cfbc7fa50a7344dfe5bda') in 0.016668 seconds 
========================================================================
Received Import Request.
  Time since last request: 3.432781 seconds.
  path: Assets/Prefabs/enemy4.prefab
  artifactKey: Guid(9aae3c0c6d8ebb843b4190ca49a0ad47) Importer(815301076,1909f56bfc062723c751e8b465ee728b)
Start importing Assets/Prefabs/enemy4.prefab using Guid(9aae3c0c6d8ebb843b4190ca49a0ad47) Importer(815301076,1909f56bfc062723c751e8b465ee728b)  -> (artifact id: 'abf952bfdbbdcc02985174c935099364') in 0.014805 seconds 
========================================================================
Received Import Request.
  Time since last request: 0.720582 seconds.
  path: Assets/Prefabs/enemy4.prefab
  artifactKey: Guid(9aae3c0c6d8ebb843b4190ca49a0ad47) Importer(815301076,1909f56bfc062723c751e8b465ee728b)
Start importing Assets/Prefabs/enemy4.prefab using Guid(9aae3c0c6d8ebb843b4190ca49a0ad47) Importer(815301076,1909f56bfc062723c751e8b465ee728b)  -> (artifact id: 'c5beb3bf7a7f919e5f2e5b561e15f77a') in 0.015134 seconds 
========================================================================
Received Import Request.
  Time since last request: 6.062925 seconds.
  path: Assets/Prefabs/enemy5.prefab
  artifactKey: Guid(af9ff65e32af064439ea5bcfa111123b) Importer(815301076,1909f56bfc062723c751e8b465ee728b)
Start importing Assets/Prefabs/enemy5.prefab using Guid(af9ff65e32af064439ea5bcfa111123b) Importer(815301076,1909f56bfc062723c751e8b465ee728b)  -> (artifact id: 'cca57b3795d3d469be569d00f18a59da') in 0.016559 seconds 
========================================================================
Received Import Request.
  Time since last request: 2.798385 seconds.
  path: Assets/Prefabs/enemy5.prefab
  artifactKey: Guid(af9ff65e32af064439ea5bcfa111123b) Importer(815301076,1909f56bfc062723c751e8b465ee728b)
Start importing Assets/Prefabs/enemy5.prefab using Guid(af9ff65e32af064439ea5bcfa111123b) Importer(815301076,1909f56bfc062723c751e8b465ee728b)  -> (artifact id: '092ea403696f2411be41d264fca006aa') in 0.012853 seconds 
========================================================================
Received Import Request.
  Time since last request: 0.918497 seconds.
  path: Assets/Prefabs/enemy5.prefab
  artifactKey: Guid(af9ff65e32af064439ea5bcfa111123b) Importer(815301076,1909f56bfc062723c751e8b465ee728b)
Start importing Assets/Prefabs/enemy5.prefab using Guid(af9ff65e32af064439ea5bcfa111123b) Importer(815301076,1909f56bfc062723c751e8b465ee728b)  -> (artifact id: '3994f9cc8152ae892872b3c529c260b8') in 0.022866 seconds 
========================================================================
Received Import Request.
  Time since last request: 46.183398 seconds.
  path: Assets/Scripts/enemyAI.asset
  artifactKey: Guid(f79fcc739f5d30e4488a09f5d1953f40) Importer(815301076,1909f56bfc062723c751e8b465ee728b)
Start importing Assets/Scripts/enemyAI.asset using Guid(f79fcc739f5d30e4488a09f5d1953f40) Importer(815301076,1909f56bfc062723c751e8b465ee728b)  -> (artifact id: '2444dbf4cf9673ed8f90ad2c0a40c0ef') in 0.039046 seconds 
========================================================================
Received Import Request.
  Time since last request: 0.000036 seconds.
  path: Assets/Scripts/PlayerOnHit.asset
  artifactKey: Guid(f90ceec31afcd1840b1a81d1666969e9) Importer(815301076,1909f56bfc062723c751e8b465ee728b)
Start importing Assets/Scripts/PlayerOnHit.asset using Guid(f90ceec31afcd1840b1a81d1666969e9) Importer(815301076,1909f56bfc062723c751e8b465ee728b)  -> (artifact id: '9bfa2a9bfe8a0823340e68734c380fe0') in 0.072839 seconds 
========================================================================
Received Import Request.
  Time since last request: 0.000046 seconds.
  path: Assets/Scripts/PlayerHP.asset
  artifactKey: Guid(5fb47b5cf4867af478e4a4b1ebf99a9f) Importer(815301076,1909f56bfc062723c751e8b465ee728b)
Start importing Assets/Scripts/PlayerHP.asset using Guid(5fb47b5cf4867af478e4a4b1ebf99a9f) Importer(815301076,1909f56bfc062723c751e8b465ee728b)  -> (artifact id: '77ad03b3f12cf6c7bb7d13a9b1032578') in 0.063075 seconds 
